
----Request----
[2024-08-21 18:05:23.565423] Request method: POST
[2024-08-21 18:05:23.565491] Request URL: https://reqres.in/api/users
[2024-08-21 18:05:23.565494] Request data: {'name': 'Ajay', 'job': 'SDE'}
[2024-08-21 18:05:23.565498] Request headers: {'X-THIS_IS_TEST': 'True'}
[2024-08-21 18:05:23.565501] Request cookies: {}


----Response----
[2024-08-21 18:05:24.187700] Response code: 201
[2024-08-21 18:05:24.187778] Response text: {"name":"Ajay","job":"SDE","id":"113","createdAt":"2024-08-21T12:35:24.085Z"}
[2024-08-21 18:05:24.187804] Response headers: {'Date': 'Wed, 21 Aug 2024 12:35:24 GMT', 'Content-Type': 'application/json; charset=utf-8', 'Content-Length': '77', 'Connection': 'keep-alive', 'Report-To': '{"group":"heroku-nel","max_age":3600,"endpoints":[{"url":"https://nel.heroku.com/reports?ts=1724243724&sid=c4c9725f-1ab0-44d8-820f-430df2718e11&s=WZxwmEuDFs2OboownMmCYtv7D%2BbjI9BVZFBLwjV4970%3D"}]}', 'Reporting-Endpoints': 'heroku-nel=https://nel.heroku.com/reports?ts=1724243724&sid=c4c9725f-1ab0-44d8-820f-430df2718e11&s=WZxwmEuDFs2OboownMmCYtv7D%2BbjI9BVZFBLwjV4970%3D', 'Nel': '{"report_to":"heroku-nel","max_age":3600,"success_fraction":0.005,"failure_fraction":0.05,"response_headers":["Via"]}', 'X-Powered-By': 'Express', 'Access-Control-Allow-Origin': '*', 'Etag': 'W/"4d-o77I+AWTWKQwlKohpAPYojV4RKQ"', 'Via': '1.1 vegur', 'CF-Cache-Status': 'DYNAMIC', 'Server': 'cloudflare', 'CF-RAY': '8b6aa9a998355496-DEL'}
[2024-08-21 18:05:24.187873] Response cookies: {}
-----


----Request----
[2024-08-21 18:05:24.194458] Request method: GET
[2024-08-21 18:05:24.194473] Request URL: https://reqres.in/api/users
[2024-08-21 18:05:24.194478] Request data: {'page': '2'}
[2024-08-21 18:05:24.194486] Request headers: {'X-THIS_IS_TEST': 'True'}
[2024-08-21 18:05:24.194492] Request cookies: {}


----Response----
[2024-08-21 18:05:24.272335] Response code: 200
[2024-08-21 18:05:24.272356] Response text: {"page":2,"per_page":6,"total":12,"total_pages":2,"data":[{"id":7,"email":"michael.lawson@reqres.in","first_name":"Michael","last_name":"Lawson","avatar":"https://reqres.in/img/faces/7-image.jpg"},{"id":8,"email":"lindsay.ferguson@reqres.in","first_name":"Lindsay","last_name":"Ferguson","avatar":"https://reqres.in/img/faces/8-image.jpg"},{"id":9,"email":"tobias.funke@reqres.in","first_name":"Tobias","last_name":"Funke","avatar":"https://reqres.in/img/faces/9-image.jpg"},{"id":10,"email":"byron.fields@reqres.in","first_name":"Byron","last_name":"Fields","avatar":"https://reqres.in/img/faces/10-image.jpg"},{"id":11,"email":"george.edwards@reqres.in","first_name":"George","last_name":"Edwards","avatar":"https://reqres.in/img/faces/11-image.jpg"},{"id":12,"email":"rachel.howell@reqres.in","first_name":"Rachel","last_name":"Howell","avatar":"https://reqres.in/img/faces/12-image.jpg"}],"support":{"url":"https://reqres.in/#support-heading","text":"To keep ReqRes free, contributions towards server costs are appreciated!"}}
[2024-08-21 18:05:24.272368] Response headers: {'Date': 'Wed, 21 Aug 2024 12:35:24 GMT', 'Content-Type': 'application/json; charset=utf-8', 'Transfer-Encoding': 'chunked', 'Connection': 'keep-alive', 'Report-To': '{"group":"heroku-nel","max_age":3600,"endpoints":[{"url":"https://nel.heroku.com/reports?ts=1723888707&sid=c4c9725f-1ab0-44d8-820f-430df2718e11&s=T9zIqH98TMmkCfQ6JnjIUlI0xvIEh6fMqZ9Cu3djiWw%3D"}]}', 'Reporting-Endpoints': 'heroku-nel=https://nel.heroku.com/reports?ts=1723888707&sid=c4c9725f-1ab0-44d8-820f-430df2718e11&s=T9zIqH98TMmkCfQ6JnjIUlI0xvIEh6fMqZ9Cu3djiWw%3D', 'Nel': '{"report_to":"heroku-nel","max_age":3600,"success_fraction":0.005,"failure_fraction":0.05,"response_headers":["Via"]}', 'X-Powered-By': 'Express', 'Access-Control-Allow-Origin': '*', 'Etag': 'W/"406-ut0vzoCuidvyMf8arZpMpJ6ZRDw"', 'Via': '1.1 vegur', 'Cache-Control': 'max-age=14400', 'CF-Cache-Status': 'HIT', 'Age': '6727', 'Vary': 'Accept-Encoding', 'Server': 'cloudflare', 'CF-RAY': '8b6aa9ad8fa85525-DEL', 'Content-Encoding': 'gzip'}
[2024-08-21 18:05:24.272415] Response cookies: {}
-----


----Request----
[2024-08-21 18:05:24.276261] Request method: GET
[2024-08-21 18:05:24.276273] Request URL: https://reqres.in/api/users/2
[2024-08-21 18:05:24.276277] Request data: None
[2024-08-21 18:05:24.276283] Request headers: {'X-THIS_IS_TEST': 'True'}
[2024-08-21 18:05:24.276290] Request cookies: {}


----Response----
[2024-08-21 18:05:24.400402] Response code: 200
[2024-08-21 18:05:24.400439] Response text: {"data":{"id":2,"email":"janet.weaver@reqres.in","first_name":"Janet","last_name":"Weaver","avatar":"https://reqres.in/img/faces/2-image.jpg"},"support":{"url":"https://reqres.in/#support-heading","text":"To keep ReqRes free, contributions towards server costs are appreciated!"}}
[2024-08-21 18:05:24.400452] Response headers: {'Date': 'Wed, 21 Aug 2024 12:35:24 GMT', 'Content-Type': 'application/json; charset=utf-8', 'Transfer-Encoding': 'chunked', 'Connection': 'keep-alive', 'Report-To': '{"group":"heroku-nel","max_age":3600,"endpoints":[{"url":"https://nel.heroku.com/reports?ts=1724170909&sid=c4c9725f-1ab0-44d8-820f-430df2718e11&s=FJX7sz1bTNG0MdJWuGd8y792GUW7%2F1Y%2FdYzL8hzTgSc%3D"}]}', 'Reporting-Endpoints': 'heroku-nel=https://nel.heroku.com/reports?ts=1724170909&sid=c4c9725f-1ab0-44d8-820f-430df2718e11&s=FJX7sz1bTNG0MdJWuGd8y792GUW7%2F1Y%2FdYzL8hzTgSc%3D', 'Nel': '{"report_to":"heroku-nel","max_age":3600,"success_fraction":0.005,"failure_fraction":0.05,"response_headers":["Via"]}', 'X-Powered-By': 'Express', 'Access-Control-Allow-Origin': '*', 'Etag': 'W/"118-pbdwwFo9SKNhD3Lx5iHJyngpq00"', 'Via': '1.1 vegur', 'Cache-Control': 'max-age=14400', 'CF-Cache-Status': 'HIT', 'Age': '49', 'Vary': 'Accept-Encoding', 'Server': 'cloudflare', 'CF-RAY': '8b6aa9ae4baa54f6-DEL', 'Content-Encoding': 'gzip'}
[2024-08-21 18:05:24.400485] Response cookies: {}
-----


----Request----
[2024-08-21 18:06:06.842225] Request method: POST
[2024-08-21 18:06:06.842296] Request URL: https://reqres.in/api/users
[2024-08-21 18:06:06.842299] Request data: {'name': 'Ajay', 'job': 'SDE'}
[2024-08-21 18:06:06.842303] Request headers: {'X-THIS_IS_TEST': 'True'}
[2024-08-21 18:06:06.842305] Request cookies: {}


----Response----
[2024-08-21 18:06:07.355946] Response code: 201
[2024-08-21 18:06:07.356006] Response text: {"name":"Ajay","job":"SDE","id":"359","createdAt":"2024-08-21T12:36:07.408Z"}
[2024-08-21 18:06:07.356020] Response headers: {'Date': 'Wed, 21 Aug 2024 12:36:07 GMT', 'Content-Type': 'application/json; charset=utf-8', 'Content-Length': '77', 'Connection': 'keep-alive', 'Report-To': '{"group":"heroku-nel","max_age":3600,"endpoints":[{"url":"https://nel.heroku.com/reports?ts=1724243767&sid=c4c9725f-1ab0-44d8-820f-430df2718e11&s=uclF16UnI3t%2BFBXQAqgoR4DQVNM6nbs0kElOxMCzkOs%3D"}]}', 'Reporting-Endpoints': 'heroku-nel=https://nel.heroku.com/reports?ts=1724243767&sid=c4c9725f-1ab0-44d8-820f-430df2718e11&s=uclF16UnI3t%2BFBXQAqgoR4DQVNM6nbs0kElOxMCzkOs%3D', 'Nel': '{"report_to":"heroku-nel","max_age":3600,"success_fraction":0.005,"failure_fraction":0.05,"response_headers":["Via"]}', 'X-Powered-By': 'Express', 'Access-Control-Allow-Origin': '*', 'Etag': 'W/"4d-kF1u0r1q29FAiYZQsNWzbKPgHUU"', 'Via': '1.1 vegur', 'CF-Cache-Status': 'DYNAMIC', 'Server': 'cloudflare', 'CF-RAY': '8b6aaab829bb5474-DEL'}
[2024-08-21 18:06:07.356057] Response cookies: {}
-----


----Request----
[2024-08-21 18:06:07.361320] Request method: GET
[2024-08-21 18:06:07.361346] Request URL: https://reqres.in/api/users
[2024-08-21 18:06:07.361351] Request data: {'page': '2'}
[2024-08-21 18:06:07.361358] Request headers: {'X-THIS_IS_TEST': 'True'}
[2024-08-21 18:06:07.361365] Request cookies: {}


----Response----
[2024-08-21 18:06:07.433542] Response code: 200
[2024-08-21 18:06:07.433562] Response text: {"page":2,"per_page":6,"total":12,"total_pages":2,"data":[{"id":7,"email":"michael.lawson@reqres.in","first_name":"Michael","last_name":"Lawson","avatar":"https://reqres.in/img/faces/7-image.jpg"},{"id":8,"email":"lindsay.ferguson@reqres.in","first_name":"Lindsay","last_name":"Ferguson","avatar":"https://reqres.in/img/faces/8-image.jpg"},{"id":9,"email":"tobias.funke@reqres.in","first_name":"Tobias","last_name":"Funke","avatar":"https://reqres.in/img/faces/9-image.jpg"},{"id":10,"email":"byron.fields@reqres.in","first_name":"Byron","last_name":"Fields","avatar":"https://reqres.in/img/faces/10-image.jpg"},{"id":11,"email":"george.edwards@reqres.in","first_name":"George","last_name":"Edwards","avatar":"https://reqres.in/img/faces/11-image.jpg"},{"id":12,"email":"rachel.howell@reqres.in","first_name":"Rachel","last_name":"Howell","avatar":"https://reqres.in/img/faces/12-image.jpg"}],"support":{"url":"https://reqres.in/#support-heading","text":"To keep ReqRes free, contributions towards server costs are appreciated!"}}
[2024-08-21 18:06:07.433572] Response headers: {'Date': 'Wed, 21 Aug 2024 12:36:07 GMT', 'Content-Type': 'application/json; charset=utf-8', 'Transfer-Encoding': 'chunked', 'Connection': 'keep-alive', 'Report-To': '{"group":"heroku-nel","max_age":3600,"endpoints":[{"url":"https://nel.heroku.com/reports?ts=1723888707&sid=c4c9725f-1ab0-44d8-820f-430df2718e11&s=T9zIqH98TMmkCfQ6JnjIUlI0xvIEh6fMqZ9Cu3djiWw%3D"}]}', 'Reporting-Endpoints': 'heroku-nel=https://nel.heroku.com/reports?ts=1723888707&sid=c4c9725f-1ab0-44d8-820f-430df2718e11&s=T9zIqH98TMmkCfQ6JnjIUlI0xvIEh6fMqZ9Cu3djiWw%3D', 'Nel': '{"report_to":"heroku-nel","max_age":3600,"success_fraction":0.005,"failure_fraction":0.05,"response_headers":["Via"]}', 'X-Powered-By': 'Express', 'Access-Control-Allow-Origin': '*', 'Etag': 'W/"406-ut0vzoCuidvyMf8arZpMpJ6ZRDw"', 'Via': '1.1 vegur', 'Cache-Control': 'max-age=14400', 'CF-Cache-Status': 'HIT', 'Age': '6770', 'Vary': 'Accept-Encoding', 'Server': 'cloudflare', 'CF-RAY': '8b6aaabb4e33546e-DEL', 'Content-Encoding': 'gzip'}
[2024-08-21 18:06:07.433595] Response cookies: {}
-----


----Request----
[2024-08-21 18:06:07.436774] Request method: GET
[2024-08-21 18:06:07.436783] Request URL: https://reqres.in/api/users/2
[2024-08-21 18:06:07.436787] Request data: None
[2024-08-21 18:06:07.436792] Request headers: {'X-THIS_IS_TEST': 'True'}
[2024-08-21 18:06:07.436797] Request cookies: {}


----Response----
[2024-08-21 18:06:07.548619] Response code: 200
[2024-08-21 18:06:07.548644] Response text: {"data":{"id":2,"email":"janet.weaver@reqres.in","first_name":"Janet","last_name":"Weaver","avatar":"https://reqres.in/img/faces/2-image.jpg"},"support":{"url":"https://reqres.in/#support-heading","text":"To keep ReqRes free, contributions towards server costs are appreciated!"}}
[2024-08-21 18:06:07.548655] Response headers: {'Date': 'Wed, 21 Aug 2024 12:36:07 GMT', 'Content-Type': 'application/json; charset=utf-8', 'Transfer-Encoding': 'chunked', 'Connection': 'keep-alive', 'Report-To': '{"group":"heroku-nel","max_age":3600,"endpoints":[{"url":"https://nel.heroku.com/reports?ts=1724170909&sid=c4c9725f-1ab0-44d8-820f-430df2718e11&s=FJX7sz1bTNG0MdJWuGd8y792GUW7%2F1Y%2FdYzL8hzTgSc%3D"}]}', 'Reporting-Endpoints': 'heroku-nel=https://nel.heroku.com/reports?ts=1724170909&sid=c4c9725f-1ab0-44d8-820f-430df2718e11&s=FJX7sz1bTNG0MdJWuGd8y792GUW7%2F1Y%2FdYzL8hzTgSc%3D', 'Nel': '{"report_to":"heroku-nel","max_age":3600,"success_fraction":0.005,"failure_fraction":0.05,"response_headers":["Via"]}', 'X-Powered-By': 'Express', 'Access-Control-Allow-Origin': '*', 'Etag': 'W/"118-pbdwwFo9SKNhD3Lx5iHJyngpq00"', 'Via': '1.1 vegur', 'Cache-Control': 'max-age=14400', 'CF-Cache-Status': 'HIT', 'Age': '92', 'Vary': 'Accept-Encoding', 'Server': 'cloudflare', 'CF-RAY': '8b6aaabbfa6e59f3-DEL', 'Content-Encoding': 'gzip'}
[2024-08-21 18:06:07.548679] Response cookies: {}
-----


----Request----
[2024-08-22 15:17:34.899042] Request method: POST
[2024-08-22 15:17:34.899276] Request URL: https://reqres.in/api/users
[2024-08-22 15:17:34.899279] Request data: {'name': 'Ajay', 'job': 'SDE'}
[2024-08-22 15:17:34.899283] Request headers: {'X-THIS_IS_TEST': 'True'}
[2024-08-22 15:17:34.899285] Request cookies: {}


----Response----
[2024-08-22 15:17:35.487678] Response code: 201
[2024-08-22 15:17:35.487748] Response text: {"name":"Ajay","job":"SDE","id":"268","createdAt":"2024-08-22T09:47:35.480Z"}
[2024-08-22 15:17:35.487770] Response headers: {'Date': 'Thu, 22 Aug 2024 09:47:35 GMT', 'Content-Type': 'application/json; charset=utf-8', 'Content-Length': '77', 'Connection': 'keep-alive', 'Report-To': '{"group":"heroku-nel","max_age":3600,"endpoints":[{"url":"https://nel.heroku.com/reports?ts=1724320055&sid=c4c9725f-1ab0-44d8-820f-430df2718e11&s=gU%2BgMgCkJJRjkUHizCnWCP5Nvtfe3Afj77Q7UlEqZ%2Bc%3D"}]}', 'Reporting-Endpoints': 'heroku-nel=https://nel.heroku.com/reports?ts=1724320055&sid=c4c9725f-1ab0-44d8-820f-430df2718e11&s=gU%2BgMgCkJJRjkUHizCnWCP5Nvtfe3Afj77Q7UlEqZ%2Bc%3D', 'Nel': '{"report_to":"heroku-nel","max_age":3600,"success_fraction":0.005,"failure_fraction":0.05,"response_headers":["Via"]}', 'X-Powered-By': 'Express', 'Access-Control-Allow-Origin': '*', 'Etag': 'W/"4d-+BWzetAJQZX4+tbnRmD1D4QF5U8"', 'Via': '1.1 vegur', 'CF-Cache-Status': 'DYNAMIC', 'Server': 'cloudflare', 'CF-RAY': '8b71f139490a3cfa-BOM'}
[2024-08-22 15:17:35.487828] Response cookies: {}
-----


----Request----
[2024-08-22 15:17:35.493688] Request method: POST
[2024-08-22 15:17:35.493700] Request URL: https://reqres.in/api/users
[2024-08-22 15:17:35.493705] Request data: {}
[2024-08-22 15:17:35.493711] Request headers: {'X-THIS_IS_TEST': 'True'}
[2024-08-22 15:17:35.493722] Request cookies: {}


----Response----
[2024-08-22 15:17:36.194784] Response code: 201
[2024-08-22 15:17:36.194900] Response text: {"id":"973","createdAt":"2024-08-22T09:47:36.187Z"}
[2024-08-22 15:17:36.194934] Response headers: {'Date': 'Thu, 22 Aug 2024 09:47:36 GMT', 'Content-Type': 'application/json; charset=utf-8', 'Content-Length': '51', 'Connection': 'keep-alive', 'Report-To': '{"group":"heroku-nel","max_age":3600,"endpoints":[{"url":"https://nel.heroku.com/reports?ts=1724320056&sid=c4c9725f-1ab0-44d8-820f-430df2718e11&s=gTah7vd1cVfM5NQmUeAYjeImp92VVEgMZjciIjCCgVo%3D"}]}', 'Reporting-Endpoints': 'heroku-nel=https://nel.heroku.com/reports?ts=1724320056&sid=c4c9725f-1ab0-44d8-820f-430df2718e11&s=gTah7vd1cVfM5NQmUeAYjeImp92VVEgMZjciIjCCgVo%3D', 'Nel': '{"report_to":"heroku-nel","max_age":3600,"success_fraction":0.005,"failure_fraction":0.05,"response_headers":["Via"]}', 'X-Powered-By': 'Express', 'Access-Control-Allow-Origin': '*', 'Etag': 'W/"33-5yKT9LDfAdmljZqF3T2VtaA5Wb8"', 'Via': '1.1 vegur', 'CF-Cache-Status': 'DYNAMIC', 'Server': 'cloudflare', 'CF-RAY': '8b71f13dbb0e47cc-BOM'}
[2024-08-22 15:17:36.195028] Response cookies: {}
-----


----Request----
[2024-08-22 15:17:36.202224] Request method: GET
[2024-08-22 15:17:36.202253] Request URL: https://reqres.in/api/users
[2024-08-22 15:17:36.202258] Request data: {'page': '2'}
[2024-08-22 15:17:36.202266] Request headers: {'X-THIS_IS_TEST': 'True'}
[2024-08-22 15:17:36.202273] Request cookies: {}


----Response----
[2024-08-22 15:17:36.347498] Response code: 200
[2024-08-22 15:17:36.347531] Response text: {"page":2,"per_page":6,"total":12,"total_pages":2,"data":[{"id":7,"email":"michael.lawson@reqres.in","first_name":"Michael","last_name":"Lawson","avatar":"https://reqres.in/img/faces/7-image.jpg"},{"id":8,"email":"lindsay.ferguson@reqres.in","first_name":"Lindsay","last_name":"Ferguson","avatar":"https://reqres.in/img/faces/8-image.jpg"},{"id":9,"email":"tobias.funke@reqres.in","first_name":"Tobias","last_name":"Funke","avatar":"https://reqres.in/img/faces/9-image.jpg"},{"id":10,"email":"byron.fields@reqres.in","first_name":"Byron","last_name":"Fields","avatar":"https://reqres.in/img/faces/10-image.jpg"},{"id":11,"email":"george.edwards@reqres.in","first_name":"George","last_name":"Edwards","avatar":"https://reqres.in/img/faces/11-image.jpg"},{"id":12,"email":"rachel.howell@reqres.in","first_name":"Rachel","last_name":"Howell","avatar":"https://reqres.in/img/faces/12-image.jpg"}],"support":{"url":"https://reqres.in/#support-heading","text":"To keep ReqRes free, contributions towards server costs are appreciated!"}}
[2024-08-22 15:17:36.347548] Response headers: {'Date': 'Thu, 22 Aug 2024 09:47:36 GMT', 'Content-Type': 'application/json; charset=utf-8', 'Transfer-Encoding': 'chunked', 'Connection': 'keep-alive', 'Report-To': '{"group":"heroku-nel","max_age":3600,"endpoints":[{"url":"https://nel.heroku.com/reports?ts=1724259232&sid=c4c9725f-1ab0-44d8-820f-430df2718e11&s=ZvKevqymYD2xVR7hje2Y9tC4jZLxEXSk35McbqXorEo%3D"}]}', 'Reporting-Endpoints': 'heroku-nel=https://nel.heroku.com/reports?ts=1724259232&sid=c4c9725f-1ab0-44d8-820f-430df2718e11&s=ZvKevqymYD2xVR7hje2Y9tC4jZLxEXSk35McbqXorEo%3D', 'Nel': '{"report_to":"heroku-nel","max_age":3600,"success_fraction":0.005,"failure_fraction":0.05,"response_headers":["Via"]}', 'X-Powered-By': 'Express', 'Access-Control-Allow-Origin': '*', 'Etag': 'W/"406-ut0vzoCuidvyMf8arZpMpJ6ZRDw"', 'Via': '1.1 vegur', 'Cache-Control': 'max-age=14400', 'CF-Cache-Status': 'HIT', 'Age': '2047', 'Vary': 'Accept-Encoding', 'Server': 'cloudflare', 'CF-RAY': '8b71f14099a95470-DEL', 'Content-Encoding': 'gzip'}
[2024-08-22 15:17:36.347584] Response cookies: {}
-----


----Request----
[2024-08-22 15:17:36.352480] Request method: GET
[2024-08-22 15:17:36.352494] Request URL: https://reqres.in/api/users/2
[2024-08-22 15:17:36.352500] Request data: None
[2024-08-22 15:17:36.352506] Request headers: {'X-THIS_IS_TEST': 'True'}
[2024-08-22 15:17:36.352513] Request cookies: {}


----Response----
[2024-08-22 15:17:36.692067] Response code: 200
[2024-08-22 15:17:36.692198] Response text: {"data":{"id":2,"email":"janet.weaver@reqres.in","first_name":"Janet","last_name":"Weaver","avatar":"https://reqres.in/img/faces/2-image.jpg"},"support":{"url":"https://reqres.in/#support-heading","text":"To keep ReqRes free, contributions towards server costs are appreciated!"}}
[2024-08-22 15:17:36.692236] Response headers: {'Date': 'Thu, 22 Aug 2024 09:47:36 GMT', 'Content-Type': 'application/json; charset=utf-8', 'Transfer-Encoding': 'chunked', 'Connection': 'keep-alive', 'Report-To': '{"group":"heroku-nel","max_age":3600,"endpoints":[{"url":"https://nel.heroku.com/reports?ts=1724170909&sid=c4c9725f-1ab0-44d8-820f-430df2718e11&s=FJX7sz1bTNG0MdJWuGd8y792GUW7%2F1Y%2FdYzL8hzTgSc%3D"}]}', 'Reporting-Endpoints': 'heroku-nel=https://nel.heroku.com/reports?ts=1724170909&sid=c4c9725f-1ab0-44d8-820f-430df2718e11&s=FJX7sz1bTNG0MdJWuGd8y792GUW7%2F1Y%2FdYzL8hzTgSc%3D', 'Nel': '{"report_to":"heroku-nel","max_age":3600,"success_fraction":0.005,"failure_fraction":0.05,"response_headers":["Via"]}', 'X-Powered-By': 'Express', 'Access-Control-Allow-Origin': '*', 'Etag': 'W/"118-pbdwwFo9SKNhD3Lx5iHJyngpq00"', 'Via': '1.1 vegur', 'Cache-Control': 'max-age=14400', 'CF-Cache-Status': 'HIT', 'Age': '5573', 'Vary': 'Accept-Encoding', 'Server': 'cloudflare', 'CF-RAY': '8b71f142ad4b5a1e-DEL', 'Content-Encoding': 'gzip'}
[2024-08-22 15:17:36.692330] Response cookies: {}
-----


----Request----
[2024-08-22 15:17:36.701282] Request method: GET
[2024-08-22 15:17:36.701300] Request URL: https://reqres.in/api/users/23
[2024-08-22 15:17:36.701309] Request data: None
[2024-08-22 15:17:36.701317] Request headers: {'X-THIS_IS_TEST': 'True'}
[2024-08-22 15:17:36.701326] Request cookies: {}


----Response----
[2024-08-22 15:17:36.911035] Response code: 404
[2024-08-22 15:17:36.911121] Response text: {}
[2024-08-22 15:17:36.911152] Response headers: {'Date': 'Thu, 22 Aug 2024 09:47:36 GMT', 'Content-Type': 'application/json; charset=utf-8', 'Content-Length': '2', 'Connection': 'keep-alive', 'Report-To': '{"group":"heroku-nel","max_age":3600,"endpoints":[{"url":"https://nel.heroku.com/reports?ts=1724319911&sid=c4c9725f-1ab0-44d8-820f-430df2718e11&s=Q4BFjgCg9vl%2Fd4vuLLx%2FyQzMtNLq0at8%2B7nIWp8ap7I%3D"}]}', 'Reporting-Endpoints': 'heroku-nel=https://nel.heroku.com/reports?ts=1724319911&sid=c4c9725f-1ab0-44d8-820f-430df2718e11&s=Q4BFjgCg9vl%2Fd4vuLLx%2FyQzMtNLq0at8%2B7nIWp8ap7I%3D', 'Nel': '{"report_to":"heroku-nel","max_age":3600,"success_fraction":0.005,"failure_fraction":0.05,"response_headers":["Via"]}', 'X-Powered-By': 'Express', 'Access-Control-Allow-Origin': '*', 'Etag': 'W/"2-vyGp6PvFo4RvsFtPoIWeCReyIC8"', 'Via': '1.1 vegur', 'Cache-Control': 'max-age=14400', 'CF-Cache-Status': 'HIT', 'Age': '145', 'Vary': 'Accept-Encoding', 'Server': 'cloudflare', 'CF-RAY': '8b71f1442e27599c-DEL'}
[2024-08-22 15:17:36.911222] Response cookies: {}
-----


----Request----
[2024-08-22 15:17:36.916348] Request method: PUT
[2024-08-22 15:17:36.916361] Request URL: https://reqres.in/api/users/2
[2024-08-22 15:17:36.916366] Request data: {'name': 'Ajay', 'job': 'SDE'}
[2024-08-22 15:17:36.916374] Request headers: {'X-THIS_IS_TEST': 'True'}
[2024-08-22 15:17:36.916378] Request cookies: {}


----Response----
[2024-08-22 15:17:37.626598] Response code: 200
[2024-08-22 15:17:37.626713] Response text: {"name":"Ajay","job":"SDE","updatedAt":"2024-08-22T09:47:37.592Z"}
[2024-08-22 15:17:37.626746] Response headers: {'Date': 'Thu, 22 Aug 2024 09:47:37 GMT', 'Content-Type': 'application/json; charset=utf-8', 'Transfer-Encoding': 'chunked', 'Connection': 'keep-alive', 'Report-To': '{"group":"heroku-nel","max_age":3600,"endpoints":[{"url":"https://nel.heroku.com/reports?ts=1724320057&sid=c4c9725f-1ab0-44d8-820f-430df2718e11&s=EsWRb525US55ILlu03IANwhfvODZCIkLOlNCYbvEPY8%3D"}]}', 'Reporting-Endpoints': 'heroku-nel=https://nel.heroku.com/reports?ts=1724320057&sid=c4c9725f-1ab0-44d8-820f-430df2718e11&s=EsWRb525US55ILlu03IANwhfvODZCIkLOlNCYbvEPY8%3D', 'Nel': '{"report_to":"heroku-nel","max_age":3600,"success_fraction":0.005,"failure_fraction":0.05,"response_headers":["Via"]}', 'X-Powered-By': 'Express', 'Access-Control-Allow-Origin': '*', 'Etag': 'W/"42-YgU5mC2hU3H5LFqFNZjXEtAk0dE"', 'Via': '1.1 vegur', 'CF-Cache-Status': 'DYNAMIC', 'Vary': 'Accept-Encoding', 'Server': 'cloudflare', 'CF-RAY': '8b71f145ab648e92-DEL', 'Content-Encoding': 'gzip'}
[2024-08-22 15:17:37.626831] Response cookies: {}
-----


----Request----
[2024-08-22 15:18:34.270407] Request method: POST
[2024-08-22 15:18:34.270494] Request URL: https://reqres.in/api/users
[2024-08-22 15:18:34.270497] Request data: {'name': 'Ajay', 'job': 'SDE'}
[2024-08-22 15:18:34.270500] Request headers: {'X-THIS_IS_TEST': 'True'}
[2024-08-22 15:18:34.270503] Request cookies: {}


----Response----
[2024-08-22 15:18:38.353452] Response code: 201
[2024-08-22 15:18:38.353584] Response text: {"name":"Ajay","job":"SDE","id":"774","createdAt":"2024-08-22T09:48:38.327Z"}
[2024-08-22 15:18:38.353620] Response headers: {'Date': 'Thu, 22 Aug 2024 09:48:38 GMT', 'Content-Type': 'application/json; charset=utf-8', 'Content-Length': '77', 'Connection': 'keep-alive', 'Report-To': '{"group":"heroku-nel","max_age":3600,"endpoints":[{"url":"https://nel.heroku.com/reports?ts=1724320118&sid=c4c9725f-1ab0-44d8-820f-430df2718e11&s=pc2fFER4KZTPr3ZYpHEIbao7mUNbsgAVNiJW1qqTrw8%3D"}]}', 'Reporting-Endpoints': 'heroku-nel=https://nel.heroku.com/reports?ts=1724320118&sid=c4c9725f-1ab0-44d8-820f-430df2718e11&s=pc2fFER4KZTPr3ZYpHEIbao7mUNbsgAVNiJW1qqTrw8%3D', 'Nel': '{"report_to":"heroku-nel","max_age":3600,"success_fraction":0.005,"failure_fraction":0.05,"response_headers":["Via"]}', 'X-Powered-By': 'Express', 'Access-Control-Allow-Origin': '*', 'Etag': 'W/"4d-eIrtrMo9MBG662lvNvmb4o6TSdE"', 'Via': '1.1 vegur', 'CF-Cache-Status': 'DYNAMIC', 'Server': 'cloudflare', 'CF-RAY': '8b71f2c14ec25496-DEL'}
[2024-08-22 15:18:38.353705] Response cookies: {}
-----


----Request----
[2024-08-22 15:18:38.363224] Request method: POST
[2024-08-22 15:18:38.363241] Request URL: https://reqres.in/api/users
[2024-08-22 15:18:38.363245] Request data: {}
[2024-08-22 15:18:38.363250] Request headers: {'X-THIS_IS_TEST': 'True'}
[2024-08-22 15:18:38.363255] Request cookies: {}


----Response----
[2024-08-22 15:18:39.147378] Response code: 201
[2024-08-22 15:18:39.147434] Response text: {"id":"848","createdAt":"2024-08-22T09:48:39.127Z"}
[2024-08-22 15:18:39.147448] Response headers: {'Date': 'Thu, 22 Aug 2024 09:48:39 GMT', 'Content-Type': 'application/json; charset=utf-8', 'Content-Length': '51', 'Connection': 'keep-alive', 'Report-To': '{"group":"heroku-nel","max_age":3600,"endpoints":[{"url":"https://nel.heroku.com/reports?ts=1724320119&sid=c4c9725f-1ab0-44d8-820f-430df2718e11&s=DlaBkdWDxkwSwUQb4ansp9dsAus%2BeQD%2BX6mjHjIrov0%3D"}]}', 'Reporting-Endpoints': 'heroku-nel=https://nel.heroku.com/reports?ts=1724320119&sid=c4c9725f-1ab0-44d8-820f-430df2718e11&s=DlaBkdWDxkwSwUQb4ansp9dsAus%2BeQD%2BX6mjHjIrov0%3D', 'Nel': '{"report_to":"heroku-nel","max_age":3600,"success_fraction":0.005,"failure_fraction":0.05,"response_headers":["Via"]}', 'X-Powered-By': 'Express', 'Access-Control-Allow-Origin': '*', 'Etag': 'W/"33-IDcJCOGlJolMNFV1vVSBwE3CRYw"', 'Via': '1.1 vegur', 'CF-Cache-Status': 'DYNAMIC', 'Server': 'cloudflare', 'CF-RAY': '8b71f2c60d218991-DEL'}
[2024-08-22 15:18:39.147480] Response cookies: {}
-----


----Request----
[2024-08-22 15:18:39.155441] Request method: GET
[2024-08-22 15:18:39.155461] Request URL: https://reqres.in/api/users
[2024-08-22 15:18:39.155466] Request data: {'page': '2'}
[2024-08-22 15:18:39.155472] Request headers: {'X-THIS_IS_TEST': 'True'}
[2024-08-22 15:18:39.155478] Request cookies: {}


----Response----
[2024-08-22 15:18:39.407425] Response code: 200
[2024-08-22 15:18:39.407533] Response text: {"page":2,"per_page":6,"total":12,"total_pages":2,"data":[{"id":7,"email":"michael.lawson@reqres.in","first_name":"Michael","last_name":"Lawson","avatar":"https://reqres.in/img/faces/7-image.jpg"},{"id":8,"email":"lindsay.ferguson@reqres.in","first_name":"Lindsay","last_name":"Ferguson","avatar":"https://reqres.in/img/faces/8-image.jpg"},{"id":9,"email":"tobias.funke@reqres.in","first_name":"Tobias","last_name":"Funke","avatar":"https://reqres.in/img/faces/9-image.jpg"},{"id":10,"email":"byron.fields@reqres.in","first_name":"Byron","last_name":"Fields","avatar":"https://reqres.in/img/faces/10-image.jpg"},{"id":11,"email":"george.edwards@reqres.in","first_name":"George","last_name":"Edwards","avatar":"https://reqres.in/img/faces/11-image.jpg"},{"id":12,"email":"rachel.howell@reqres.in","first_name":"Rachel","last_name":"Howell","avatar":"https://reqres.in/img/faces/12-image.jpg"}],"support":{"url":"https://reqres.in/#support-heading","text":"To keep ReqRes free, contributions towards server costs are appreciated!"}}
[2024-08-22 15:18:39.407561] Response headers: {'Date': 'Thu, 22 Aug 2024 09:48:39 GMT', 'Content-Type': 'application/json; charset=utf-8', 'Transfer-Encoding': 'chunked', 'Connection': 'keep-alive', 'Report-To': '{"group":"heroku-nel","max_age":3600,"endpoints":[{"url":"https://nel.heroku.com/reports?ts=1724259232&sid=c4c9725f-1ab0-44d8-820f-430df2718e11&s=ZvKevqymYD2xVR7hje2Y9tC4jZLxEXSk35McbqXorEo%3D"}]}', 'Reporting-Endpoints': 'heroku-nel=https://nel.heroku.com/reports?ts=1724259232&sid=c4c9725f-1ab0-44d8-820f-430df2718e11&s=ZvKevqymYD2xVR7hje2Y9tC4jZLxEXSk35McbqXorEo%3D', 'Nel': '{"report_to":"heroku-nel","max_age":3600,"success_fraction":0.005,"failure_fraction":0.05,"response_headers":["Via"]}', 'X-Powered-By': 'Express', 'Access-Control-Allow-Origin': '*', 'Etag': 'W/"406-ut0vzoCuidvyMf8arZpMpJ6ZRDw"', 'Via': '1.1 vegur', 'Cache-Control': 'max-age=14400', 'CF-Cache-Status': 'HIT', 'Age': '2110', 'Vary': 'Accept-Encoding', 'Server': 'cloudflare', 'CF-RAY': '8b71f2cab9ee8adb-DEL', 'Content-Encoding': 'gzip'}
[2024-08-22 15:18:39.407617] Response cookies: {}
-----


----Request----
[2024-08-22 15:18:39.417232] Request method: GET
[2024-08-22 15:18:39.417251] Request URL: https://reqres.in/api/users/2
[2024-08-22 15:18:39.417257] Request data: None
[2024-08-22 15:18:39.417263] Request headers: {'X-THIS_IS_TEST': 'True'}
[2024-08-22 15:18:39.417270] Request cookies: {}


----Response----
[2024-08-22 15:18:39.783298] Response code: 200
[2024-08-22 15:18:39.783409] Response text: {"data":{"id":2,"email":"janet.weaver@reqres.in","first_name":"Janet","last_name":"Weaver","avatar":"https://reqres.in/img/faces/2-image.jpg"},"support":{"url":"https://reqres.in/#support-heading","text":"To keep ReqRes free, contributions towards server costs are appreciated!"}}
[2024-08-22 15:18:39.783451] Response headers: {'Date': 'Thu, 22 Aug 2024 09:48:39 GMT', 'Content-Type': 'application/json; charset=utf-8', 'Transfer-Encoding': 'chunked', 'Connection': 'keep-alive', 'Report-To': '{"group":"heroku-nel","max_age":3600,"endpoints":[{"url":"https://nel.heroku.com/reports?ts=1724170909&sid=c4c9725f-1ab0-44d8-820f-430df2718e11&s=FJX7sz1bTNG0MdJWuGd8y792GUW7%2F1Y%2FdYzL8hzTgSc%3D"}]}', 'Reporting-Endpoints': 'heroku-nel=https://nel.heroku.com/reports?ts=1724170909&sid=c4c9725f-1ab0-44d8-820f-430df2718e11&s=FJX7sz1bTNG0MdJWuGd8y792GUW7%2F1Y%2FdYzL8hzTgSc%3D', 'Nel': '{"report_to":"heroku-nel","max_age":3600,"success_fraction":0.005,"failure_fraction":0.05,"response_headers":["Via"]}', 'X-Powered-By': 'Express', 'Access-Control-Allow-Origin': '*', 'Etag': 'W/"118-pbdwwFo9SKNhD3Lx5iHJyngpq00"', 'Via': '1.1 vegur', 'Cache-Control': 'max-age=14400', 'CF-Cache-Status': 'HIT', 'Age': '5636', 'Vary': 'Accept-Encoding', 'Server': 'cloudflare', 'CF-RAY': '8b71f2cd08ec59fc-DEL', 'Content-Encoding': 'gzip'}
[2024-08-22 15:18:39.783538] Response cookies: {}
-----


----Request----
[2024-08-22 15:18:39.796998] Request method: GET
[2024-08-22 15:18:39.797016] Request URL: https://reqres.in/api/users/23
[2024-08-22 15:18:39.797022] Request data: None
[2024-08-22 15:18:39.797028] Request headers: {'X-THIS_IS_TEST': 'True'}
[2024-08-22 15:18:39.797035] Request cookies: {}


----Response----
[2024-08-22 15:18:40.368015] Response code: 404
[2024-08-22 15:18:40.368064] Response text: {}
[2024-08-22 15:18:40.368077] Response headers: {'Date': 'Thu, 22 Aug 2024 09:48:40 GMT', 'Content-Type': 'application/json; charset=utf-8', 'Content-Length': '2', 'Connection': 'keep-alive', 'Report-To': '{"group":"heroku-nel","max_age":3600,"endpoints":[{"url":"https://nel.heroku.com/reports?ts=1724320120&sid=c4c9725f-1ab0-44d8-820f-430df2718e11&s=4t01EkG6RpIUVqMPp%2F%2BA4I9b7I9iC4xYqXwnWLYJa7c%3D"}]}', 'Reporting-Endpoints': 'heroku-nel=https://nel.heroku.com/reports?ts=1724320120&sid=c4c9725f-1ab0-44d8-820f-430df2718e11&s=4t01EkG6RpIUVqMPp%2F%2BA4I9b7I9iC4xYqXwnWLYJa7c%3D', 'Nel': '{"report_to":"heroku-nel","max_age":3600,"success_fraction":0.005,"failure_fraction":0.05,"response_headers":["Via"]}', 'X-Powered-By': 'Express', 'Access-Control-Allow-Origin': '*', 'Etag': 'W/"2-vyGp6PvFo4RvsFtPoIWeCReyIC8"', 'Via': '1.1 vegur', 'Cache-Control': 'max-age=14400', 'CF-Cache-Status': 'EXPIRED', 'Vary': 'Accept-Encoding', 'Server': 'cloudflare', 'CF-RAY': '8b71f2ce692a8adc-DEL'}
[2024-08-22 15:18:40.368111] Response cookies: {}
-----


----Request----
[2024-08-22 15:18:40.375192] Request method: PUT
[2024-08-22 15:18:40.375204] Request URL: https://reqres.in/api/users/2
[2024-08-22 15:18:40.375208] Request data: {'name': 'Ajay', 'job': 'SDE'}
[2024-08-22 15:18:40.375214] Request headers: {'X-THIS_IS_TEST': 'True'}
[2024-08-22 15:18:40.375219] Request cookies: {}


----Response----
[2024-08-22 15:18:41.093024] Response code: 200
[2024-08-22 15:18:41.093124] Response text: {"name":"Ajay","job":"SDE","updatedAt":"2024-08-22T09:48:41.061Z"}
[2024-08-22 15:18:41.093159] Response headers: {'Date': 'Thu, 22 Aug 2024 09:48:41 GMT', 'Content-Type': 'application/json; charset=utf-8', 'Transfer-Encoding': 'chunked', 'Connection': 'keep-alive', 'Report-To': '{"group":"heroku-nel","max_age":3600,"endpoints":[{"url":"https://nel.heroku.com/reports?ts=1724320121&sid=c4c9725f-1ab0-44d8-820f-430df2718e11&s=V0x5O5sKqlyF%2BXe1%2Fb8d4yaW5P42Es8DKcPP4xn7ZbY%3D"}]}', 'Reporting-Endpoints': 'heroku-nel=https://nel.heroku.com/reports?ts=1724320121&sid=c4c9725f-1ab0-44d8-820f-430df2718e11&s=V0x5O5sKqlyF%2BXe1%2Fb8d4yaW5P42Es8DKcPP4xn7ZbY%3D', 'Nel': '{"report_to":"heroku-nel","max_age":3600,"success_fraction":0.005,"failure_fraction":0.05,"response_headers":["Via"]}', 'X-Powered-By': 'Express', 'Access-Control-Allow-Origin': '*', 'Etag': 'W/"42-jzR3htNCPXclsUo4mHO00VelZAU"', 'Via': '1.1 vegur', 'CF-Cache-Status': 'DYNAMIC', 'Vary': 'Accept-Encoding', 'Server': 'cloudflare', 'CF-RAY': '8b71f2d2e9525988-DEL', 'Content-Encoding': 'gzip'}
[2024-08-22 15:18:41.093250] Response cookies: {}
-----


----Request----
[2024-08-22 15:20:26.692574] Request method: POST
[2024-08-22 15:20:26.692664] Request URL: https://reqres.in/api/users
[2024-08-22 15:20:26.692668] Request data: {'name': 'Ajay', 'job': 'SDE'}
[2024-08-22 15:20:26.692671] Request headers: {'X-THIS_IS_TEST': 'True'}
[2024-08-22 15:20:26.692674] Request cookies: {}


----Response----
[2024-08-22 15:20:27.291193] Response code: 201
[2024-08-22 15:20:27.291249] Response text: {"name":"Ajay","job":"SDE","id":"441","createdAt":"2024-08-22T09:50:27.201Z"}
[2024-08-22 15:20:27.291264] Response headers: {'Date': 'Thu, 22 Aug 2024 09:50:27 GMT', 'Content-Type': 'application/json; charset=utf-8', 'Content-Length': '77', 'Connection': 'keep-alive', 'Report-To': '{"group":"heroku-nel","max_age":3600,"endpoints":[{"url":"https://nel.heroku.com/reports?ts=1724320227&sid=c4c9725f-1ab0-44d8-820f-430df2718e11&s=W4mjRgF2%2FW9LYOyYcbDj9h4JaQ9qJyHB05peL2PfJRo%3D"}]}', 'Reporting-Endpoints': 'heroku-nel=https://nel.heroku.com/reports?ts=1724320227&sid=c4c9725f-1ab0-44d8-820f-430df2718e11&s=W4mjRgF2%2FW9LYOyYcbDj9h4JaQ9qJyHB05peL2PfJRo%3D', 'Nel': '{"report_to":"heroku-nel","max_age":3600,"success_fraction":0.005,"failure_fraction":0.05,"response_headers":["Via"]}', 'X-Powered-By': 'Express', 'Access-Control-Allow-Origin': '*', 'Etag': 'W/"4d-kt6xvnAb1/C/7JBQ6VWzDaZWDcg"', 'Via': '1.1 vegur', 'CF-Cache-Status': 'DYNAMIC', 'Server': 'cloudflare', 'CF-RAY': '8b71f56a8e934412-BOM'}
[2024-08-22 15:20:27.291299] Response cookies: {}
-----


----Request----
[2024-08-22 15:20:27.299743] Request method: POST
[2024-08-22 15:20:27.299755] Request URL: https://reqres.in/api/users
[2024-08-22 15:20:27.299759] Request data: {}
[2024-08-22 15:20:27.299763] Request headers: {'X-THIS_IS_TEST': 'True'}
[2024-08-22 15:20:27.299769] Request cookies: {}


----Response----
[2024-08-22 15:20:28.015586] Response code: 201
[2024-08-22 15:20:28.015697] Response text: {"id":"924","createdAt":"2024-08-22T09:50:28.000Z"}
[2024-08-22 15:20:28.015731] Response headers: {'Date': 'Thu, 22 Aug 2024 09:50:28 GMT', 'Content-Type': 'application/json; charset=utf-8', 'Content-Length': '51', 'Connection': 'keep-alive', 'Report-To': '{"group":"heroku-nel","max_age":3600,"endpoints":[{"url":"https://nel.heroku.com/reports?ts=1724320227&sid=c4c9725f-1ab0-44d8-820f-430df2718e11&s=W4mjRgF2%2FW9LYOyYcbDj9h4JaQ9qJyHB05peL2PfJRo%3D"}]}', 'Reporting-Endpoints': 'heroku-nel=https://nel.heroku.com/reports?ts=1724320227&sid=c4c9725f-1ab0-44d8-820f-430df2718e11&s=W4mjRgF2%2FW9LYOyYcbDj9h4JaQ9qJyHB05peL2PfJRo%3D', 'Nel': '{"report_to":"heroku-nel","max_age":3600,"success_fraction":0.005,"failure_fraction":0.05,"response_headers":["Via"]}', 'X-Powered-By': 'Express', 'Access-Control-Allow-Origin': '*', 'Etag': 'W/"33-oqzqFqkTcHbNp7zZuT+js/K7B9w"', 'Via': '1.1 vegur', 'CF-Cache-Status': 'DYNAMIC', 'Server': 'cloudflare', 'CF-RAY': '8b71f56f8e753a59-BOM'}
[2024-08-22 15:20:28.015822] Response cookies: {}
-----


----Request----
[2024-08-22 15:20:28.025270] Request method: GET
[2024-08-22 15:20:28.025292] Request URL: https://reqres.in/api/users
[2024-08-22 15:20:28.025297] Request data: {'page': '2'}
[2024-08-22 15:20:28.025304] Request headers: {'X-THIS_IS_TEST': 'True'}
[2024-08-22 15:20:28.025311] Request cookies: {}


----Response----
[2024-08-22 15:20:28.312989] Response code: 200
[2024-08-22 15:20:28.313099] Response text: {"page":2,"per_page":6,"total":12,"total_pages":2,"data":[{"id":7,"email":"michael.lawson@reqres.in","first_name":"Michael","last_name":"Lawson","avatar":"https://reqres.in/img/faces/7-image.jpg"},{"id":8,"email":"lindsay.ferguson@reqres.in","first_name":"Lindsay","last_name":"Ferguson","avatar":"https://reqres.in/img/faces/8-image.jpg"},{"id":9,"email":"tobias.funke@reqres.in","first_name":"Tobias","last_name":"Funke","avatar":"https://reqres.in/img/faces/9-image.jpg"},{"id":10,"email":"byron.fields@reqres.in","first_name":"Byron","last_name":"Fields","avatar":"https://reqres.in/img/faces/10-image.jpg"},{"id":11,"email":"george.edwards@reqres.in","first_name":"George","last_name":"Edwards","avatar":"https://reqres.in/img/faces/11-image.jpg"},{"id":12,"email":"rachel.howell@reqres.in","first_name":"Rachel","last_name":"Howell","avatar":"https://reqres.in/img/faces/12-image.jpg"}],"support":{"url":"https://reqres.in/#support-heading","text":"To keep ReqRes free, contributions towards server costs are appreciated!"}}
[2024-08-22 15:20:28.313136] Response headers: {'Date': 'Thu, 22 Aug 2024 09:50:28 GMT', 'Content-Type': 'application/json; charset=utf-8', 'Transfer-Encoding': 'chunked', 'Connection': 'keep-alive', 'Report-To': '{"group":"heroku-nel","max_age":3600,"endpoints":[{"url":"https://nel.heroku.com/reports?ts=1724259232&sid=c4c9725f-1ab0-44d8-820f-430df2718e11&s=ZvKevqymYD2xVR7hje2Y9tC4jZLxEXSk35McbqXorEo%3D"}]}', 'Reporting-Endpoints': 'heroku-nel=https://nel.heroku.com/reports?ts=1724259232&sid=c4c9725f-1ab0-44d8-820f-430df2718e11&s=ZvKevqymYD2xVR7hje2Y9tC4jZLxEXSk35McbqXorEo%3D', 'Nel': '{"report_to":"heroku-nel","max_age":3600,"success_fraction":0.005,"failure_fraction":0.05,"response_headers":["Via"]}', 'X-Powered-By': 'Express', 'Access-Control-Allow-Origin': '*', 'Etag': 'W/"406-ut0vzoCuidvyMf8arZpMpJ6ZRDw"', 'Via': '1.1 vegur', 'Cache-Control': 'max-age=14400', 'CF-Cache-Status': 'HIT', 'Age': '2219', 'Vary': 'Accept-Encoding', 'Server': 'cloudflare', 'CF-RAY': '8b71f5736cb259ee-DEL', 'Content-Encoding': 'gzip'}
[2024-08-22 15:20:28.313214] Response cookies: {}
-----


----Request----
[2024-08-22 15:20:28.325657] Request method: GET
[2024-08-22 15:20:28.325670] Request URL: https://reqres.in/api/users/2
[2024-08-22 15:20:28.325677] Request data: None
[2024-08-22 15:20:28.325682] Request headers: {'X-THIS_IS_TEST': 'True'}
[2024-08-22 15:20:28.325687] Request cookies: {}


----Response----
[2024-08-22 15:20:28.751597] Response code: 200
[2024-08-22 15:20:28.751865] Response text: {"data":{"id":2,"email":"janet.weaver@reqres.in","first_name":"Janet","last_name":"Weaver","avatar":"https://reqres.in/img/faces/2-image.jpg"},"support":{"url":"https://reqres.in/#support-heading","text":"To keep ReqRes free, contributions towards server costs are appreciated!"}}
[2024-08-22 15:20:28.751897] Response headers: {'Date': 'Thu, 22 Aug 2024 09:50:28 GMT', 'Content-Type': 'application/json; charset=utf-8', 'Transfer-Encoding': 'chunked', 'Connection': 'keep-alive', 'Report-To': '{"group":"heroku-nel","max_age":3600,"endpoints":[{"url":"https://nel.heroku.com/reports?ts=1724170909&sid=c4c9725f-1ab0-44d8-820f-430df2718e11&s=FJX7sz1bTNG0MdJWuGd8y792GUW7%2F1Y%2FdYzL8hzTgSc%3D"}]}', 'Reporting-Endpoints': 'heroku-nel=https://nel.heroku.com/reports?ts=1724170909&sid=c4c9725f-1ab0-44d8-820f-430df2718e11&s=FJX7sz1bTNG0MdJWuGd8y792GUW7%2F1Y%2FdYzL8hzTgSc%3D', 'Nel': '{"report_to":"heroku-nel","max_age":3600,"success_fraction":0.005,"failure_fraction":0.05,"response_headers":["Via"]}', 'X-Powered-By': 'Express', 'Access-Control-Allow-Origin': '*', 'Etag': 'W/"118-pbdwwFo9SKNhD3Lx5iHJyngpq00"', 'Via': '1.1 vegur', 'Cache-Control': 'max-age=14400', 'CF-Cache-Status': 'HIT', 'Age': '5745', 'Vary': 'Accept-Encoding', 'Server': 'cloudflare', 'CF-RAY': '8b71f5761a455a08-DEL', 'Content-Encoding': 'gzip'}
[2024-08-22 15:20:28.751949] Response cookies: {}
-----


----Request----
[2024-08-22 15:20:28.760723] Request method: GET
[2024-08-22 15:20:28.760740] Request URL: https://reqres.in/api/users/23
[2024-08-22 15:20:28.760745] Request data: None
[2024-08-22 15:20:28.760752] Request headers: {'X-THIS_IS_TEST': 'True'}
[2024-08-22 15:20:28.760759] Request cookies: {}


----Response----
[2024-08-22 15:20:29.006814] Response code: 404
[2024-08-22 15:20:29.006924] Response text: {}
[2024-08-22 15:20:29.006955] Response headers: {'Date': 'Thu, 22 Aug 2024 09:50:29 GMT', 'Content-Type': 'application/json; charset=utf-8', 'Content-Length': '2', 'Connection': 'keep-alive', 'Report-To': '{"group":"heroku-nel","max_age":3600,"endpoints":[{"url":"https://nel.heroku.com/reports?ts=1724320120&sid=c4c9725f-1ab0-44d8-820f-430df2718e11&s=4t01EkG6RpIUVqMPp%2F%2BA4I9b7I9iC4xYqXwnWLYJa7c%3D"}]}', 'Reporting-Endpoints': 'heroku-nel=https://nel.heroku.com/reports?ts=1724320120&sid=c4c9725f-1ab0-44d8-820f-430df2718e11&s=4t01EkG6RpIUVqMPp%2F%2BA4I9b7I9iC4xYqXwnWLYJa7c%3D', 'Nel': '{"report_to":"heroku-nel","max_age":3600,"success_fraction":0.005,"failure_fraction":0.05,"response_headers":["Via"]}', 'X-Powered-By': 'Express', 'Access-Control-Allow-Origin': '*', 'Etag': 'W/"2-vyGp6PvFo4RvsFtPoIWeCReyIC8"', 'Via': '1.1 vegur', 'Cache-Control': 'max-age=14400', 'CF-Cache-Status': 'HIT', 'Age': '109', 'Vary': 'Accept-Encoding', 'Server': 'cloudflare', 'CF-RAY': '8b71f577b8f2598d-DEL'}
[2024-08-22 15:20:29.007035] Response cookies: {}
-----


----Request----
[2024-08-22 15:20:29.018915] Request method: PUT
[2024-08-22 15:20:29.018934] Request URL: https://reqres.in/api/users/2
[2024-08-22 15:20:29.018938] Request data: {'name': 'Ajay', 'job': 'SDE'}
[2024-08-22 15:20:29.018945] Request headers: {'X-THIS_IS_TEST': 'True'}
[2024-08-22 15:20:29.018950] Request cookies: {}


----Response----
[2024-08-22 15:20:29.575772] Response code: 200
[2024-08-22 15:20:29.575827] Response text: {"name":"Ajay","job":"SDE","updatedAt":"2024-08-22T09:50:29.554Z"}
[2024-08-22 15:20:29.575840] Response headers: {'Date': 'Thu, 22 Aug 2024 09:50:29 GMT', 'Content-Type': 'application/json; charset=utf-8', 'Transfer-Encoding': 'chunked', 'Connection': 'keep-alive', 'Report-To': '{"group":"heroku-nel","max_age":3600,"endpoints":[{"url":"https://nel.heroku.com/reports?ts=1724320229&sid=c4c9725f-1ab0-44d8-820f-430df2718e11&s=7ppZURerRhxidGSNXkjZlgTud3Snx9h3DfCXGbB%2FyyA%3D"}]}', 'Reporting-Endpoints': 'heroku-nel=https://nel.heroku.com/reports?ts=1724320229&sid=c4c9725f-1ab0-44d8-820f-430df2718e11&s=7ppZURerRhxidGSNXkjZlgTud3Snx9h3DfCXGbB%2FyyA%3D', 'Nel': '{"report_to":"heroku-nel","max_age":3600,"success_fraction":0.005,"failure_fraction":0.05,"response_headers":["Via"]}', 'X-Powered-By': 'Express', 'Access-Control-Allow-Origin': '*', 'Etag': 'W/"42-B+9cmGdO7AV7yJbc/25iTfV5NcA"', 'Via': '1.1 vegur', 'CF-Cache-Status': 'DYNAMIC', 'Vary': 'Accept-Encoding', 'Server': 'cloudflare', 'CF-RAY': '8b71f578fbf51bb6-DEL', 'Content-Encoding': 'gzip'}
[2024-08-22 15:20:29.575877] Response cookies: {}
-----


----Request----
[2024-08-22 16:26:33.491069] Request method: POST
[2024-08-22 16:26:33.491363] Request URL: https://reqres.in/api/users
[2024-08-22 16:26:33.491366] Request data: {'name': 'Ajay', 'job': 'SDE'}
[2024-08-22 16:26:33.491370] Request headers: {'X-THIS_IS_TEST': 'True'}
[2024-08-22 16:26:33.491372] Request cookies: {}


----Response----
[2024-08-22 16:26:37.182618] Response code: 201
[2024-08-22 16:26:37.182716] Response text: {"name":"Ajay","job":"SDE","id":"215","createdAt":"2024-08-22T10:56:37.181Z"}
[2024-08-22 16:26:37.182737] Response headers: {'Date': 'Thu, 22 Aug 2024 10:56:37 GMT', 'Content-Type': 'application/json; charset=utf-8', 'Content-Length': '77', 'Connection': 'keep-alive', 'Report-To': '{"group":"heroku-nel","max_age":3600,"endpoints":[{"url":"https://nel.heroku.com/reports?ts=1724324197&sid=c4c9725f-1ab0-44d8-820f-430df2718e11&s=EaH%2FVuFYH1ohVkloOfvYVkxAXpLfELyzUXrBJswqDcw%3D"}]}', 'Reporting-Endpoints': 'heroku-nel=https://nel.heroku.com/reports?ts=1724324197&sid=c4c9725f-1ab0-44d8-820f-430df2718e11&s=EaH%2FVuFYH1ohVkloOfvYVkxAXpLfELyzUXrBJswqDcw%3D', 'Nel': '{"report_to":"heroku-nel","max_age":3600,"success_fraction":0.005,"failure_fraction":0.05,"response_headers":["Via"]}', 'X-Powered-By': 'Express', 'Access-Control-Allow-Origin': '*', 'Etag': 'W/"4d-VmkB5JCXx2G6WX/VOQRZLnUk54g"', 'Via': '1.1 vegur', 'CF-Cache-Status': 'DYNAMIC', 'Server': 'cloudflare', 'CF-RAY': '8b725655d8ae59d2-DEL'}
[2024-08-22 16:26:37.182808] Response cookies: {}
-----


----Request----
[2024-08-22 16:26:37.189109] Request method: POST
[2024-08-22 16:26:37.189131] Request URL: https://reqres.in/api/users
[2024-08-22 16:26:37.189137] Request data: {}
[2024-08-22 16:26:37.189144] Request headers: {'X-THIS_IS_TEST': 'True'}
[2024-08-22 16:26:37.189153] Request cookies: {}


----Response----
[2024-08-22 16:26:37.765907] Response code: 201
[2024-08-22 16:26:37.766005] Response text: {"id":"24","createdAt":"2024-08-22T10:56:37.764Z"}
[2024-08-22 16:26:37.766032] Response headers: {'Date': 'Thu, 22 Aug 2024 10:56:37 GMT', 'Content-Type': 'application/json; charset=utf-8', 'Content-Length': '50', 'Connection': 'keep-alive', 'Report-To': '{"group":"heroku-nel","max_age":3600,"endpoints":[{"url":"https://nel.heroku.com/reports?ts=1724324197&sid=c4c9725f-1ab0-44d8-820f-430df2718e11&s=EaH%2FVuFYH1ohVkloOfvYVkxAXpLfELyzUXrBJswqDcw%3D"}]}', 'Reporting-Endpoints': 'heroku-nel=https://nel.heroku.com/reports?ts=1724324197&sid=c4c9725f-1ab0-44d8-820f-430df2718e11&s=EaH%2FVuFYH1ohVkloOfvYVkxAXpLfELyzUXrBJswqDcw%3D', 'Nel': '{"report_to":"heroku-nel","max_age":3600,"success_fraction":0.005,"failure_fraction":0.05,"response_headers":["Via"]}', 'X-Powered-By': 'Express', 'Access-Control-Allow-Origin': '*', 'Etag': 'W/"32-ooR6x9bZUMx2kZdTscCzvfCLpFc"', 'Via': '1.1 vegur', 'CF-Cache-Status': 'DYNAMIC', 'Server': 'cloudflare', 'CF-RAY': '8b72565969c391b6-DEL'}
[2024-08-22 16:26:37.766094] Response cookies: {}
-----


----Request----
[2024-08-22 16:26:37.772919] Request method: GET
[2024-08-22 16:26:37.772942] Request URL: https://reqres.in/api/users
[2024-08-22 16:26:37.772948] Request data: {'page': '2'}
[2024-08-22 16:26:37.772956] Request headers: {'X-THIS_IS_TEST': 'True'}
[2024-08-22 16:26:37.772963] Request cookies: {}


----Response----
[2024-08-22 16:26:37.865879] Response code: 200
[2024-08-22 16:26:37.866192] Response text: {"page":2,"per_page":6,"total":12,"total_pages":2,"data":[{"id":7,"email":"michael.lawson@reqres.in","first_name":"Michael","last_name":"Lawson","avatar":"https://reqres.in/img/faces/7-image.jpg"},{"id":8,"email":"lindsay.ferguson@reqres.in","first_name":"Lindsay","last_name":"Ferguson","avatar":"https://reqres.in/img/faces/8-image.jpg"},{"id":9,"email":"tobias.funke@reqres.in","first_name":"Tobias","last_name":"Funke","avatar":"https://reqres.in/img/faces/9-image.jpg"},{"id":10,"email":"byron.fields@reqres.in","first_name":"Byron","last_name":"Fields","avatar":"https://reqres.in/img/faces/10-image.jpg"},{"id":11,"email":"george.edwards@reqres.in","first_name":"George","last_name":"Edwards","avatar":"https://reqres.in/img/faces/11-image.jpg"},{"id":12,"email":"rachel.howell@reqres.in","first_name":"Rachel","last_name":"Howell","avatar":"https://reqres.in/img/faces/12-image.jpg"}],"support":{"url":"https://reqres.in/#support-heading","text":"To keep ReqRes free, contributions towards server costs are appreciated!"}}
[2024-08-22 16:26:37.866204] Response headers: {'Date': 'Thu, 22 Aug 2024 10:56:37 GMT', 'Content-Type': 'application/json; charset=utf-8', 'Transfer-Encoding': 'chunked', 'Connection': 'keep-alive', 'Report-To': '{"group":"heroku-nel","max_age":3600,"endpoints":[{"url":"https://nel.heroku.com/reports?ts=1724259232&sid=c4c9725f-1ab0-44d8-820f-430df2718e11&s=ZvKevqymYD2xVR7hje2Y9tC4jZLxEXSk35McbqXorEo%3D"}]}', 'Reporting-Endpoints': 'heroku-nel=https://nel.heroku.com/reports?ts=1724259232&sid=c4c9725f-1ab0-44d8-820f-430df2718e11&s=ZvKevqymYD2xVR7hje2Y9tC4jZLxEXSk35McbqXorEo%3D', 'Nel': '{"report_to":"heroku-nel","max_age":3600,"success_fraction":0.005,"failure_fraction":0.05,"response_headers":["Via"]}', 'X-Powered-By': 'Express', 'Access-Control-Allow-Origin': '*', 'Etag': 'W/"406-ut0vzoCuidvyMf8arZpMpJ6ZRDw"', 'Via': '1.1 vegur', 'Cache-Control': 'max-age=14400', 'CF-Cache-Status': 'HIT', 'Age': '6188', 'Vary': 'Accept-Encoding', 'Server': 'cloudflare', 'CF-RAY': '8b72565d287c596b-DEL', 'Content-Encoding': 'gzip'}
[2024-08-22 16:26:37.866231] Response cookies: {}
-----


----Request----
[2024-08-22 16:26:37.869895] Request method: GET
[2024-08-22 16:26:37.869902] Request URL: https://reqres.in/api/users/2
[2024-08-22 16:26:37.869906] Request data: None
[2024-08-22 16:26:37.869911] Request headers: {'X-THIS_IS_TEST': 'True'}
[2024-08-22 16:26:37.869916] Request cookies: {}


----Response----
[2024-08-22 16:26:37.954014] Response code: 200
[2024-08-22 16:26:37.954036] Response text: {"data":{"id":2,"email":"janet.weaver@reqres.in","first_name":"Janet","last_name":"Weaver","avatar":"https://reqres.in/img/faces/2-image.jpg"},"support":{"url":"https://reqres.in/#support-heading","text":"To keep ReqRes free, contributions towards server costs are appreciated!"}}
[2024-08-22 16:26:37.954044] Response headers: {'Date': 'Thu, 22 Aug 2024 10:56:38 GMT', 'Content-Type': 'application/json; charset=utf-8', 'Transfer-Encoding': 'chunked', 'Connection': 'keep-alive', 'Report-To': '{"group":"heroku-nel","max_age":3600,"endpoints":[{"url":"https://nel.heroku.com/reports?ts=1724170909&sid=c4c9725f-1ab0-44d8-820f-430df2718e11&s=FJX7sz1bTNG0MdJWuGd8y792GUW7%2F1Y%2FdYzL8hzTgSc%3D"}]}', 'Reporting-Endpoints': 'heroku-nel=https://nel.heroku.com/reports?ts=1724170909&sid=c4c9725f-1ab0-44d8-820f-430df2718e11&s=FJX7sz1bTNG0MdJWuGd8y792GUW7%2F1Y%2FdYzL8hzTgSc%3D', 'Nel': '{"report_to":"heroku-nel","max_age":3600,"success_fraction":0.005,"failure_fraction":0.05,"response_headers":["Via"]}', 'X-Powered-By': 'Express', 'Access-Control-Allow-Origin': '*', 'Etag': 'W/"118-pbdwwFo9SKNhD3Lx5iHJyngpq00"', 'Via': '1.1 vegur', 'Cache-Control': 'max-age=14400', 'CF-Cache-Status': 'HIT', 'Age': '2074', 'Vary': 'Accept-Encoding', 'Server': 'cloudflare', 'CF-RAY': '8b72565dbae7549b-DEL', 'Content-Encoding': 'gzip'}
[2024-08-22 16:26:37.954062] Response cookies: {}
-----


----Request----
[2024-08-22 16:26:37.956573] Request method: GET
[2024-08-22 16:26:37.956580] Request URL: https://reqres.in/api/users/23
[2024-08-22 16:26:37.956583] Request data: None
[2024-08-22 16:26:37.956587] Request headers: {'X-THIS_IS_TEST': 'True'}
[2024-08-22 16:26:37.956591] Request cookies: {}


----Response----
[2024-08-22 16:26:38.360709] Response code: 404
[2024-08-22 16:26:38.360750] Response text: {}
[2024-08-22 16:26:38.360761] Response headers: {'Date': 'Thu, 22 Aug 2024 10:56:38 GMT', 'Content-Type': 'application/json; charset=utf-8', 'Content-Length': '2', 'Connection': 'keep-alive', 'Report-To': '{"group":"heroku-nel","max_age":3600,"endpoints":[{"url":"https://nel.heroku.com/reports?ts=1724324198&sid=c4c9725f-1ab0-44d8-820f-430df2718e11&s=wum1MWEVFG5B7932TC4Y%2FduDrfEWm9HVi3sfwrzRle8%3D"}]}', 'Reporting-Endpoints': 'heroku-nel=https://nel.heroku.com/reports?ts=1724324198&sid=c4c9725f-1ab0-44d8-820f-430df2718e11&s=wum1MWEVFG5B7932TC4Y%2FduDrfEWm9HVi3sfwrzRle8%3D', 'Nel': '{"report_to":"heroku-nel","max_age":3600,"success_fraction":0.005,"failure_fraction":0.05,"response_headers":["Via"]}', 'X-Powered-By': 'Express', 'Access-Control-Allow-Origin': '*', 'Etag': 'W/"2-vyGp6PvFo4RvsFtPoIWeCReyIC8"', 'Via': '1.1 vegur', 'Cache-Control': 'max-age=14400', 'CF-Cache-Status': 'EXPIRED', 'Vary': 'Accept-Encoding', 'Server': 'cloudflare', 'CF-RAY': '8b72565e2b538993-DEL'}
[2024-08-22 16:26:38.360796] Response cookies: {}
-----


----Request----
[2024-08-22 16:26:38.365719] Request method: PUT
[2024-08-22 16:26:38.365729] Request URL: https://reqres.in/api/users/2
[2024-08-22 16:26:38.365733] Request data: {'name': 'Ajay', 'job': 'SDE'}
[2024-08-22 16:26:38.365739] Request headers: {'X-THIS_IS_TEST': 'True'}
[2024-08-22 16:26:38.365744] Request cookies: {}


----Response----
[2024-08-22 16:26:38.866495] Response code: 200
[2024-08-22 16:26:38.866537] Response text: {"name":"Ajay","job":"SDE","updatedAt":"2024-08-22T10:56:38.867Z"}
[2024-08-22 16:26:38.866549] Response headers: {'Date': 'Thu, 22 Aug 2024 10:56:38 GMT', 'Content-Type': 'application/json; charset=utf-8', 'Transfer-Encoding': 'chunked', 'Connection': 'keep-alive', 'Report-To': '{"group":"heroku-nel","max_age":3600,"endpoints":[{"url":"https://nel.heroku.com/reports?ts=1724324198&sid=c4c9725f-1ab0-44d8-820f-430df2718e11&s=wum1MWEVFG5B7932TC4Y%2FduDrfEWm9HVi3sfwrzRle8%3D"}]}', 'Reporting-Endpoints': 'heroku-nel=https://nel.heroku.com/reports?ts=1724324198&sid=c4c9725f-1ab0-44d8-820f-430df2718e11&s=wum1MWEVFG5B7932TC4Y%2FduDrfEWm9HVi3sfwrzRle8%3D', 'Nel': '{"report_to":"heroku-nel","max_age":3600,"success_fraction":0.005,"failure_fraction":0.05,"response_headers":["Via"]}', 'X-Powered-By': 'Express', 'Access-Control-Allow-Origin': '*', 'Etag': 'W/"42-efs2SOLDtCYdbZnUEZHlQ/5g4tM"', 'Via': '1.1 vegur', 'CF-Cache-Status': 'DYNAMIC', 'Vary': 'Accept-Encoding', 'Server': 'cloudflare', 'CF-RAY': '8b725660cda459de-DEL', 'Content-Encoding': 'gzip'}
[2024-08-22 16:26:38.866581] Response cookies: {}
-----


----Request----
[2024-08-23 17:19:59.547868] Request method: POST
[2024-08-23 17:19:59.548102] Request URL: /api/users
[2024-08-23 17:19:59.548106] Request data: {'name': 'Ajay', 'job': 'SDE'}
[2024-08-23 17:19:59.548109] Request headers: {'X-THIS_IS_TEST': 'True'}
[2024-08-23 17:19:59.548111] Request cookies: {}


----Request----
[2024-08-23 17:19:59.602939] Request method: POST
[2024-08-23 17:19:59.602950] Request URL: /api/users
[2024-08-23 17:19:59.602952] Request data: {}
[2024-08-23 17:19:59.602955] Request headers: {'X-THIS_IS_TEST': 'True'}
[2024-08-23 17:19:59.602957] Request cookies: {}


----Request----
[2024-08-23 17:19:59.634102] Request method: GET
[2024-08-23 17:19:59.634113] Request URL: /api/users
[2024-08-23 17:19:59.634115] Request data: {'page': '2'}
[2024-08-23 17:19:59.634118] Request headers: {'X-THIS_IS_TEST': 'True'}
[2024-08-23 17:19:59.634121] Request cookies: {}


----Request----
[2024-08-23 17:19:59.662158] Request method: GET
[2024-08-23 17:19:59.662168] Request URL: /api/users/2
[2024-08-23 17:19:59.662170] Request data: None
[2024-08-23 17:19:59.662173] Request headers: {'X-THIS_IS_TEST': 'True'}
[2024-08-23 17:19:59.662175] Request cookies: {}


----Request----
[2024-08-23 17:19:59.690847] Request method: GET
[2024-08-23 17:19:59.690859] Request URL: /api/users/23
[2024-08-23 17:19:59.690861] Request data: None
[2024-08-23 17:19:59.690864] Request headers: {'X-THIS_IS_TEST': 'True'}
[2024-08-23 17:19:59.690867] Request cookies: {}


----Request----
[2024-08-23 17:19:59.720184] Request method: GET
[2024-08-23 17:19:59.720197] Request URL: https://jsonplaceholder.typicode.com/posts/1
[2024-08-23 17:19:59.720199] Request data: None
[2024-08-23 17:19:59.720202] Request headers: {'X-THIS_IS_TEST': 'True'}
[2024-08-23 17:19:59.720205] Request cookies: {}


----Response----
[2024-08-23 17:20:03.267251] Response code: 200
[2024-08-23 17:20:03.267300] Response text: {
  "userId": 1,
  "id": 1,
  "title": "sunt aut facere repellat provident occaecati excepturi optio reprehenderit",
  "body": "quia et suscipit\nsuscipit recusandae consequuntur expedita et cum\nreprehenderit molestiae ut ut quas totam\nnostrum rerum est autem sunt rem eveniet architecto"
}
[2024-08-23 17:20:03.267316] Response headers: {'Date': 'Fri, 23 Aug 2024 11:50:03 GMT', 'Content-Type': 'application/json; charset=utf-8', 'Transfer-Encoding': 'chunked', 'Connection': 'keep-alive', 'Report-To': '{"group":"heroku-nel","max_age":3600,"endpoints":[{"url":"https://nel.heroku.com/reports?ts=1712075078&sid=e11707d5-02a7-43ef-b45e-2cf4d2036f7d&s=JzRo0LlK25cqvVyw4TVYQtAs%2BYz3liEchu4ktlmhIaM%3D"}]}', 'Reporting-Endpoints': 'heroku-nel=https://nel.heroku.com/reports?ts=1712075078&sid=e11707d5-02a7-43ef-b45e-2cf4d2036f7d&s=JzRo0LlK25cqvVyw4TVYQtAs%2BYz3liEchu4ktlmhIaM%3D', 'Nel': '{"report_to":"heroku-nel","max_age":3600,"success_fraction":0.005,"failure_fraction":0.05,"response_headers":["Via"]}', 'X-Powered-By': 'Express', 'X-Ratelimit-Limit': '1000', 'X-Ratelimit-Remaining': '999', 'X-Ratelimit-Reset': '1712075115', 'Vary': 'Origin, Accept-Encoding', 'Access-Control-Allow-Credentials': 'true', 'Cache-Control': 'max-age=43200', 'Pragma': 'no-cache', 'Expires': '-1', 'X-Content-Type-Options': 'nosniff', 'Etag': 'W/"124-yiKdLzqO5gfBrJFrcdJ8Yq0LGnU"', 'Via': '1.1 vegur', 'CF-Cache-Status': 'HIT', 'Age': '11485', 'Server': 'cloudflare', 'CF-RAY': '8b7ae1fed9189c15-SIN', 'Content-Encoding': 'gzip', 'alt-svc': 'h3=":443"; ma=86400'}
[2024-08-23 17:20:03.267358] Response cookies: {}
-----


----Request----
[2024-08-23 17:20:03.272170] Request method: POST
[2024-08-23 17:20:03.272183] Request URL: https://jsonplaceholder.typicode.com/posts
[2024-08-23 17:20:03.272187] Request data: {'title': 'foo', 'body': 'bar', 'userId': 1}
[2024-08-23 17:20:03.272195] Request headers: {'X-THIS_IS_TEST': 'True'}
[2024-08-23 17:20:03.272200] Request cookies: {}


----Response----
[2024-08-23 17:20:04.468371] Response code: 201
[2024-08-23 17:20:04.468439] Response text: {
  "title": "foo",
  "body": "bar",
  "userId": "1",
  "id": 101
}
[2024-08-23 17:20:04.468461] Response headers: {'Date': 'Fri, 23 Aug 2024 11:50:04 GMT', 'Content-Type': 'application/json; charset=utf-8', 'Content-Length': '67', 'Connection': 'keep-alive', 'Report-To': '{"group":"heroku-nel","max_age":3600,"endpoints":[{"url":"https://nel.heroku.com/reports?ts=1724413804&sid=e11707d5-02a7-43ef-b45e-2cf4d2036f7d&s=Cd6orKz3pJPCnQhVljnMZ7tJ0NPR8%2FU10TIbRotG6Vg%3D"}]}', 'Reporting-Endpoints': 'heroku-nel=https://nel.heroku.com/reports?ts=1724413804&sid=e11707d5-02a7-43ef-b45e-2cf4d2036f7d&s=Cd6orKz3pJPCnQhVljnMZ7tJ0NPR8%2FU10TIbRotG6Vg%3D', 'Nel': '{"report_to":"heroku-nel","max_age":3600,"success_fraction":0.005,"failure_fraction":0.05,"response_headers":["Via"]}', 'X-Powered-By': 'Express', 'X-Ratelimit-Limit': '1000', 'X-Ratelimit-Remaining': '999', 'X-Ratelimit-Reset': '1724413840', 'Vary': 'Origin, X-HTTP-Method-Override, Accept-Encoding', 'Access-Control-Allow-Credentials': 'true', 'Cache-Control': 'no-cache', 'Pragma': 'no-cache', 'Expires': '-1', 'Access-Control-Expose-Headers': 'Location', 'Location': 'https://jsonplaceholder.typicode.com/posts/101', 'X-Content-Type-Options': 'nosniff', 'Etag': 'W/"43-e0UvNeXth+6+06UFNnGIVUOlAcw"', 'Via': '1.1 vegur', 'CF-Cache-Status': 'DYNAMIC', 'Server': 'cloudflare', 'CF-RAY': '8b7ae20158943f69-SIN', 'alt-svc': 'h3=":443"; ma=86400'}
[2024-08-23 17:20:04.468573] Response cookies: {}
-----


----Request----
[2024-08-23 17:20:04.474848] Request method: PUT
[2024-08-23 17:20:04.474860] Request URL: /api/users/2
[2024-08-23 17:20:04.474866] Request data: {'name': 'Ajay', 'job': 'SDE'}
[2024-08-23 17:20:04.474873] Request headers: {'X-THIS_IS_TEST': 'True'}
[2024-08-23 17:20:04.474880] Request cookies: {}


----Request----
[2024-08-23 18:00:47.608442] Request method: POST
[2024-08-23 18:00:47.608509] Request URL: /api/users
[2024-08-23 18:00:47.608512] Request data: {'name': 'Ajay', 'job': 'SDE'}
[2024-08-23 18:00:47.608516] Request headers: {'X-THIS_IS_TEST': 'True'}
[2024-08-23 18:00:47.608518] Request cookies: {}


----Request----
[2024-08-23 18:00:47.664261] Request method: POST
[2024-08-23 18:00:47.664272] Request URL: /api/users
[2024-08-23 18:00:47.664274] Request data: {}
[2024-08-23 18:00:47.664277] Request headers: {'X-THIS_IS_TEST': 'True'}
[2024-08-23 18:00:47.664279] Request cookies: {}


----Request----
[2024-08-23 18:00:47.696022] Request method: GET
[2024-08-23 18:00:47.696031] Request URL: /api/users
[2024-08-23 18:00:47.696034] Request data: {'page': '2'}
[2024-08-23 18:00:47.696037] Request headers: {'X-THIS_IS_TEST': 'True'}
[2024-08-23 18:00:47.696039] Request cookies: {}


----Request----
[2024-08-23 18:00:47.723449] Request method: GET
[2024-08-23 18:00:47.723462] Request URL: /api/users/2
[2024-08-23 18:00:47.723464] Request data: None
[2024-08-23 18:00:47.723468] Request headers: {'X-THIS_IS_TEST': 'True'}
[2024-08-23 18:00:47.723470] Request cookies: {}


----Request----
[2024-08-23 18:00:47.751405] Request method: GET
[2024-08-23 18:00:47.751418] Request URL: /api/users/23
[2024-08-23 18:00:47.751420] Request data: None
[2024-08-23 18:00:47.751423] Request headers: {'X-THIS_IS_TEST': 'True'}
[2024-08-23 18:00:47.751426] Request cookies: {}


----Request----
[2024-08-23 18:00:47.784372] Request method: PUT
[2024-08-23 18:00:47.784385] Request URL: /api/users/2
[2024-08-23 18:00:47.784387] Request data: {'name': 'Ajay', 'job': 'SDE'}
[2024-08-23 18:00:47.784391] Request headers: {'X-THIS_IS_TEST': 'True'}
[2024-08-23 18:00:47.784393] Request cookies: {}


----Request----
[2024-08-23 18:20:43.392287] Request method: POST
[2024-08-23 18:20:43.392368] Request URL: /api/users
[2024-08-23 18:20:43.392371] Request data: {}
[2024-08-23 18:20:43.392375] Request headers: {'X-THIS_IS_TEST': 'True'}
[2024-08-23 18:20:43.392377] Request cookies: {}


----Request----
[2024-08-23 18:20:43.426442] Request method: GET
[2024-08-23 18:20:43.426453] Request URL: /api/users
[2024-08-23 18:20:43.426455] Request data: {'page': '2'}
[2024-08-23 18:20:43.426458] Request headers: {'X-THIS_IS_TEST': 'True'}
[2024-08-23 18:20:43.426461] Request cookies: {}


----Request----
[2024-08-23 18:20:43.458836] Request method: GET
[2024-08-23 18:20:43.458848] Request URL: /api/users/2
[2024-08-23 18:20:43.458850] Request data: None
[2024-08-23 18:20:43.458853] Request headers: {'X-THIS_IS_TEST': 'True'}
[2024-08-23 18:20:43.458856] Request cookies: {}


----Request----
[2024-08-23 18:20:43.485903] Request method: GET
[2024-08-23 18:20:43.485915] Request URL: /api/users/23
[2024-08-23 18:20:43.485917] Request data: None
[2024-08-23 18:20:43.485920] Request headers: {'X-THIS_IS_TEST': 'True'}
[2024-08-23 18:20:43.485922] Request cookies: {}


----Request----
[2024-08-23 18:20:43.517991] Request method: PUT
[2024-08-23 18:20:43.518002] Request URL: /api/users/2
[2024-08-23 18:20:43.518004] Request data: {'name': 'Ajay', 'job': 'SDE'}
[2024-08-23 18:20:43.518007] Request headers: {'X-THIS_IS_TEST': 'True'}
[2024-08-23 18:20:43.518010] Request cookies: {}


----Request----
[2024-08-23 18:24:39.585635] Request method: POST
[2024-08-23 18:24:39.586226] Request URL: https://reqres.in/api/users
[2024-08-23 18:24:39.586229] Request data: {'name': 'Ajay', 'job': 'SDE'}
[2024-08-23 18:24:39.586233] Request headers: {'X-THIS_IS_TEST': 'True'}
[2024-08-23 18:24:39.586235] Request cookies: {}


----Response----
[2024-08-23 18:24:43.274711] Response code: 201
[2024-08-23 18:24:43.274803] Response text: {"name":"Ajay","job":"SDE","id":"703","createdAt":"2024-08-23T12:54:43.305Z"}
[2024-08-23 18:24:43.274822] Response headers: {'Date': 'Fri, 23 Aug 2024 12:54:43 GMT', 'Content-Type': 'application/json; charset=utf-8', 'Content-Length': '77', 'Connection': 'keep-alive', 'Report-To': '{"group":"heroku-nel","max_age":3600,"endpoints":[{"url":"https://nel.heroku.com/reports?ts=1724417683&sid=c4c9725f-1ab0-44d8-820f-430df2718e11&s=fbNP%2FmMnJOigG0unrxbYMT8KyGPM%2Fm6d0ChOTqlS83M%3D"}]}', 'Reporting-Endpoints': 'heroku-nel=https://nel.heroku.com/reports?ts=1724417683&sid=c4c9725f-1ab0-44d8-820f-430df2718e11&s=fbNP%2FmMnJOigG0unrxbYMT8KyGPM%2Fm6d0ChOTqlS83M%3D', 'Nel': '{"report_to":"heroku-nel","max_age":3600,"success_fraction":0.005,"failure_fraction":0.05,"response_headers":["Via"]}', 'X-Powered-By': 'Express', 'Access-Control-Allow-Origin': '*', 'Etag': 'W/"4d-fgxEAEMm8sYVJF99k3RH73FHjUw"', 'Via': '1.1 vegur', 'CF-Cache-Status': 'DYNAMIC', 'Server': 'cloudflare', 'CF-RAY': '8b7b40b62db759a6-DEL'}
[2024-08-23 18:24:43.274880] Response cookies: {}
-----


----Request----
[2024-08-23 18:24:43.282145] Request method: POST
[2024-08-23 18:24:43.282167] Request URL: https://reqres.in/api/users
[2024-08-23 18:24:43.282172] Request data: {}
[2024-08-23 18:24:43.282183] Request headers: {'X-THIS_IS_TEST': 'True'}
[2024-08-23 18:24:43.282191] Request cookies: {}


----Response----
[2024-08-23 18:24:43.767950] Response code: 201
[2024-08-23 18:24:43.768055] Response text: {"id":"42","createdAt":"2024-08-23T12:54:43.797Z"}
[2024-08-23 18:24:43.768089] Response headers: {'Date': 'Fri, 23 Aug 2024 12:54:43 GMT', 'Content-Type': 'application/json; charset=utf-8', 'Content-Length': '50', 'Connection': 'keep-alive', 'Report-To': '{"group":"heroku-nel","max_age":3600,"endpoints":[{"url":"https://nel.heroku.com/reports?ts=1724417683&sid=c4c9725f-1ab0-44d8-820f-430df2718e11&s=fbNP%2FmMnJOigG0unrxbYMT8KyGPM%2Fm6d0ChOTqlS83M%3D"}]}', 'Reporting-Endpoints': 'heroku-nel=https://nel.heroku.com/reports?ts=1724417683&sid=c4c9725f-1ab0-44d8-820f-430df2718e11&s=fbNP%2FmMnJOigG0unrxbYMT8KyGPM%2Fm6d0ChOTqlS83M%3D', 'Nel': '{"report_to":"heroku-nel","max_age":3600,"success_fraction":0.005,"failure_fraction":0.05,"response_headers":["Via"]}', 'X-Powered-By': 'Express', 'Access-Control-Allow-Origin': '*', 'Etag': 'W/"32-OFkoypEijVAFDgCws37tzZCV2BI"', 'Via': '1.1 vegur', 'CF-Cache-Status': 'DYNAMIC', 'Server': 'cloudflare', 'CF-RAY': '8b7b40b9da0d59c9-DEL'}
[2024-08-23 18:24:43.768186] Response cookies: {}
-----


----Request----
[2024-08-23 18:24:43.777120] Request method: GET
[2024-08-23 18:24:43.777146] Request URL: https://jsonplaceholder.typicode.com//posts/1
[2024-08-23 18:24:43.777152] Request data: None
[2024-08-23 18:24:43.777163] Request headers: {'X-THIS_IS_TEST': 'True'}
[2024-08-23 18:24:43.777171] Request cookies: {}


----Response----
[2024-08-23 18:24:47.283777] Response code: 200
[2024-08-23 18:24:47.283856] Response text: {
  "userId": 1,
  "id": 1,
  "title": "sunt aut facere repellat provident occaecati excepturi optio reprehenderit",
  "body": "quia et suscipit\nsuscipit recusandae consequuntur expedita et cum\nreprehenderit molestiae ut ut quas totam\nnostrum rerum est autem sunt rem eveniet architecto"
}
[2024-08-23 18:24:47.283890] Response headers: {'Date': 'Fri, 23 Aug 2024 12:54:47 GMT', 'Content-Type': 'application/json; charset=utf-8', 'Transfer-Encoding': 'chunked', 'Connection': 'keep-alive', 'Report-To': '{"group":"heroku-nel","max_age":3600,"endpoints":[{"url":"https://nel.heroku.com/reports?ts=1712074258&sid=e11707d5-02a7-43ef-b45e-2cf4d2036f7d&s=KAwk8PW4ZcZT7%2FT8ZoAYTonLKD58gkxHUD5GEkKRX8k%3D"}]}', 'Reporting-Endpoints': 'heroku-nel=https://nel.heroku.com/reports?ts=1712074258&sid=e11707d5-02a7-43ef-b45e-2cf4d2036f7d&s=KAwk8PW4ZcZT7%2FT8ZoAYTonLKD58gkxHUD5GEkKRX8k%3D', 'Nel': '{"report_to":"heroku-nel","max_age":3600,"success_fraction":0.005,"failure_fraction":0.05,"response_headers":["Via"]}', 'X-Powered-By': 'Express', 'X-Ratelimit-Limit': '1000', 'X-Ratelimit-Remaining': '999', 'X-Ratelimit-Reset': '1712074275', 'Vary': 'Origin, Accept-Encoding', 'Access-Control-Allow-Credentials': 'true', 'Cache-Control': 'max-age=43200', 'Pragma': 'no-cache', 'Expires': '-1', 'X-Content-Type-Options': 'nosniff', 'Etag': 'W/"124-yiKdLzqO5gfBrJFrcdJ8Yq0LGnU"', 'Via': '1.1 vegur', 'CF-Cache-Status': 'HIT', 'Age': '16173', 'Server': 'cloudflare', 'CF-RAY': '8b7b40d1dc3149ae-SIN', 'Content-Encoding': 'gzip', 'alt-svc': 'h3=":443"; ma=86400'}
[2024-08-23 18:24:47.283968] Response cookies: {}
-----


----Request----
[2024-08-23 18:24:47.289852] Request method: POST
[2024-08-23 18:24:47.289868] Request URL: https://jsonplaceholder.typicode.com/posts
[2024-08-23 18:24:47.289873] Request data: {'title': 'foo', 'body': 'bar', 'userId': 1}
[2024-08-23 18:24:47.289884] Request headers: {'X-THIS_IS_TEST': 'True'}
[2024-08-23 18:24:47.289890] Request cookies: {}


----Response----
[2024-08-23 18:24:48.537594] Response code: 201
[2024-08-23 18:24:48.537705] Response text: {
  "title": "foo",
  "body": "bar",
  "userId": "1",
  "id": 101
}
[2024-08-23 18:24:48.537729] Response headers: {'Date': 'Fri, 23 Aug 2024 12:54:48 GMT', 'Content-Type': 'application/json; charset=utf-8', 'Content-Length': '67', 'Connection': 'keep-alive', 'Report-To': '{"group":"heroku-nel","max_age":3600,"endpoints":[{"url":"https://nel.heroku.com/reports?ts=1724417688&sid=e11707d5-02a7-43ef-b45e-2cf4d2036f7d&s=3HJ4q1wyggqry5ExfirBO6lISKMslPMG9YZaoR%2BF6sw%3D"}]}', 'Reporting-Endpoints': 'heroku-nel=https://nel.heroku.com/reports?ts=1724417688&sid=e11707d5-02a7-43ef-b45e-2cf4d2036f7d&s=3HJ4q1wyggqry5ExfirBO6lISKMslPMG9YZaoR%2BF6sw%3D', 'Nel': '{"report_to":"heroku-nel","max_age":3600,"success_fraction":0.005,"failure_fraction":0.05,"response_headers":["Via"]}', 'X-Powered-By': 'Express', 'X-Ratelimit-Limit': '1000', 'X-Ratelimit-Remaining': '999', 'X-Ratelimit-Reset': '1724417740', 'Vary': 'Origin, X-HTTP-Method-Override, Accept-Encoding', 'Access-Control-Allow-Credentials': 'true', 'Cache-Control': 'no-cache', 'Pragma': 'no-cache', 'Expires': '-1', 'Access-Control-Expose-Headers': 'Location', 'Location': 'https://jsonplaceholder.typicode.com/posts/101', 'X-Content-Type-Options': 'nosniff', 'Etag': 'W/"43-e0UvNeXth+6+06UFNnGIVUOlAcw"', 'Via': '1.1 vegur', 'CF-Cache-Status': 'DYNAMIC', 'Server': 'cloudflare', 'CF-RAY': '8b7b40d488393fff-SIN', 'alt-svc': 'h3=":443"; ma=86400'}
[2024-08-23 18:24:48.537791] Response cookies: {}
-----


----Request----
[2024-08-23 18:25:51.872095] Request method: POST
[2024-08-23 18:25:51.872170] Request URL: https://reqres.in/api/users
[2024-08-23 18:25:51.872173] Request data: {'name': 'Ajay', 'job': 'SDE'}
[2024-08-23 18:25:51.872176] Request headers: {'X-THIS_IS_TEST': 'True'}
[2024-08-23 18:25:51.872179] Request cookies: {}


----Response----
[2024-08-23 18:25:52.339884] Response code: 201
[2024-08-23 18:25:52.339992] Response text: {"name":"Ajay","job":"SDE","id":"323","createdAt":"2024-08-23T12:55:52.350Z"}
[2024-08-23 18:25:52.340025] Response headers: {'Date': 'Fri, 23 Aug 2024 12:55:52 GMT', 'Content-Type': 'application/json; charset=utf-8', 'Content-Length': '77', 'Connection': 'keep-alive', 'Report-To': '{"group":"heroku-nel","max_age":3600,"endpoints":[{"url":"https://nel.heroku.com/reports?ts=1724417752&sid=c4c9725f-1ab0-44d8-820f-430df2718e11&s=B%2FIstwHghtUONnQVBtnR7Ohx3tRb165A9C2k4tc9FWc%3D"}]}', 'Reporting-Endpoints': 'heroku-nel=https://nel.heroku.com/reports?ts=1724417752&sid=c4c9725f-1ab0-44d8-820f-430df2718e11&s=B%2FIstwHghtUONnQVBtnR7Ohx3tRb165A9C2k4tc9FWc%3D', 'Nel': '{"report_to":"heroku-nel","max_age":3600,"success_fraction":0.005,"failure_fraction":0.05,"response_headers":["Via"]}', 'X-Powered-By': 'Express', 'Access-Control-Allow-Origin': '*', 'Etag': 'W/"4d-BldCk8ijsea0QBn5LWe4pfyHQsA"', 'Via': '1.1 vegur', 'CF-Cache-Status': 'DYNAMIC', 'Server': 'cloudflare', 'CF-RAY': '8b7b42665ced547e-DEL'}
[2024-08-23 18:25:52.340100] Response cookies: {}
-----


----Request----
[2024-08-23 18:25:52.350534] Request method: POST
[2024-08-23 18:25:52.350553] Request URL: https://reqres.in/api/users
[2024-08-23 18:25:52.350557] Request data: {}
[2024-08-23 18:25:52.350562] Request headers: {'X-THIS_IS_TEST': 'True'}
[2024-08-23 18:25:52.350567] Request cookies: {}


----Response----
[2024-08-23 18:25:52.848214] Response code: 201
[2024-08-23 18:25:52.848290] Response text: {"id":"823","createdAt":"2024-08-23T12:55:52.874Z"}
[2024-08-23 18:25:52.848324] Response headers: {'Date': 'Fri, 23 Aug 2024 12:55:52 GMT', 'Content-Type': 'application/json; charset=utf-8', 'Content-Length': '51', 'Connection': 'keep-alive', 'Report-To': '{"group":"heroku-nel","max_age":3600,"endpoints":[{"url":"https://nel.heroku.com/reports?ts=1724417752&sid=c4c9725f-1ab0-44d8-820f-430df2718e11&s=B%2FIstwHghtUONnQVBtnR7Ohx3tRb165A9C2k4tc9FWc%3D"}]}', 'Reporting-Endpoints': 'heroku-nel=https://nel.heroku.com/reports?ts=1724417752&sid=c4c9725f-1ab0-44d8-820f-430df2718e11&s=B%2FIstwHghtUONnQVBtnR7Ohx3tRb165A9C2k4tc9FWc%3D', 'Nel': '{"report_to":"heroku-nel","max_age":3600,"success_fraction":0.005,"failure_fraction":0.05,"response_headers":["Via"]}', 'X-Powered-By': 'Express', 'Access-Control-Allow-Origin': '*', 'Etag': 'W/"33-VWv+Vd4sWyTC+eiIRuVcLFqfWw4"', 'Via': '1.1 vegur', 'CF-Cache-Status': 'DYNAMIC', 'Server': 'cloudflare', 'CF-RAY': '8b7b42695bb7918d-DEL'}
[2024-08-23 18:25:52.848393] Response cookies: {}
-----


----Request----
[2024-08-23 18:25:52.857111] Request method: GET
[2024-08-23 18:25:52.857128] Request URL: https://jsonplaceholder.typicode.com//posts/1
[2024-08-23 18:25:52.857135] Request data: None
[2024-08-23 18:25:52.857141] Request headers: {'X-THIS_IS_TEST': 'True'}
[2024-08-23 18:25:52.857149] Request cookies: {}


----Response----
[2024-08-23 18:25:53.260569] Response code: 200
[2024-08-23 18:25:53.260660] Response text: {
  "userId": 1,
  "id": 1,
  "title": "sunt aut facere repellat provident occaecati excepturi optio reprehenderit",
  "body": "quia et suscipit\nsuscipit recusandae consequuntur expedita et cum\nreprehenderit molestiae ut ut quas totam\nnostrum rerum est autem sunt rem eveniet architecto"
}
[2024-08-23 18:25:53.260688] Response headers: {'Date': 'Fri, 23 Aug 2024 12:55:53 GMT', 'Content-Type': 'application/json; charset=utf-8', 'Transfer-Encoding': 'chunked', 'Connection': 'keep-alive', 'Report-To': '{"group":"heroku-nel","max_age":3600,"endpoints":[{"url":"https://nel.heroku.com/reports?ts=1712084978&sid=e11707d5-02a7-43ef-b45e-2cf4d2036f7d&s=u%2F2T%2BJj1ZZbU3aK3k%2BacOOTvfhSEG9W6W4Tzgyc2AfI%3D"}]}', 'Reporting-Endpoints': 'heroku-nel=https://nel.heroku.com/reports?ts=1712084978&sid=e11707d5-02a7-43ef-b45e-2cf4d2036f7d&s=u%2F2T%2BJj1ZZbU3aK3k%2BacOOTvfhSEG9W6W4Tzgyc2AfI%3D', 'Nel': '{"report_to":"heroku-nel","max_age":3600,"success_fraction":0.005,"failure_fraction":0.05,"response_headers":["Via"]}', 'X-Powered-By': 'Express', 'X-Ratelimit-Limit': '1000', 'X-Ratelimit-Remaining': '999', 'X-Ratelimit-Reset': '1712085015', 'Vary': 'Origin, Accept-Encoding', 'Access-Control-Allow-Credentials': 'true', 'Cache-Control': 'max-age=43200', 'Pragma': 'no-cache', 'Expires': '-1', 'X-Content-Type-Options': 'nosniff', 'Etag': 'W/"124-yiKdLzqO5gfBrJFrcdJ8Yq0LGnU"', 'Via': '1.1 vegur', 'CF-Cache-Status': 'HIT', 'Age': '5487', 'Server': 'cloudflare', 'CF-RAY': '8b7b426e3d2b9c7d-SIN', 'Content-Encoding': 'gzip', 'alt-svc': 'h3=":443"; ma=86400'}
[2024-08-23 18:25:53.260739] Response cookies: {}
-----


----Request----
[2024-08-23 18:25:53.270881] Request method: POST
[2024-08-23 18:25:53.270904] Request URL: https://jsonplaceholder.typicode.com/posts
[2024-08-23 18:25:53.270910] Request data: {'title': 'foo', 'body': 'bar', 'userId': 1}
[2024-08-23 18:25:53.270918] Request headers: {'X-THIS_IS_TEST': 'True'}
[2024-08-23 18:25:53.270924] Request cookies: {}


----Response----
[2024-08-23 18:25:53.948970] Response code: 201
[2024-08-23 18:25:53.949093] Response text: {
  "title": "foo",
  "body": "bar",
  "userId": "1",
  "id": 101
}
[2024-08-23 18:25:53.949124] Response headers: {'Date': 'Fri, 23 Aug 2024 12:55:54 GMT', 'Content-Type': 'application/json; charset=utf-8', 'Content-Length': '67', 'Connection': 'keep-alive', 'Report-To': '{"group":"heroku-nel","max_age":3600,"endpoints":[{"url":"https://nel.heroku.com/reports?ts=1724417753&sid=e11707d5-02a7-43ef-b45e-2cf4d2036f7d&s=H5afP3vF7roF09wHqRs4Ej5kiYlMZ%2Fg5slttG%2Fz7FvU%3D"}]}', 'Reporting-Endpoints': 'heroku-nel=https://nel.heroku.com/reports?ts=1724417753&sid=e11707d5-02a7-43ef-b45e-2cf4d2036f7d&s=H5afP3vF7roF09wHqRs4Ej5kiYlMZ%2Fg5slttG%2Fz7FvU%3D', 'Nel': '{"report_to":"heroku-nel","max_age":3600,"success_fraction":0.005,"failure_fraction":0.05,"response_headers":["Via"]}', 'X-Powered-By': 'Express', 'X-Ratelimit-Limit': '1000', 'X-Ratelimit-Remaining': '999', 'X-Ratelimit-Reset': '1724417800', 'Vary': 'Origin, X-HTTP-Method-Override, Accept-Encoding', 'Access-Control-Allow-Credentials': 'true', 'Cache-Control': 'no-cache', 'Pragma': 'no-cache', 'Expires': '-1', 'Access-Control-Expose-Headers': 'Location', 'Location': 'https://jsonplaceholder.typicode.com/posts/101', 'X-Content-Type-Options': 'nosniff', 'Etag': 'W/"43-e0UvNeXth+6+06UFNnGIVUOlAcw"', 'Via': '1.1 vegur', 'CF-Cache-Status': 'DYNAMIC', 'Server': 'cloudflare', 'CF-RAY': '8b7b4270efe99e41-SIN', 'alt-svc': 'h3=":443"; ma=86400'}
[2024-08-23 18:25:53.949214] Response cookies: {}
-----


----Request----
[2024-08-23 18:32:30.180204] Request method: POST
[2024-08-23 18:32:30.180282] Request URL: https://reqres.in/api/users
[2024-08-23 18:32:30.180285] Request data: {'name': 'Ajay', 'job': 'SDE'}
[2024-08-23 18:32:30.180289] Request headers: {'X-THIS_IS_TEST': 'True'}
[2024-08-23 18:32:30.180291] Request cookies: {}


----Response----
[2024-08-23 18:32:33.852412] Response code: 201
[2024-08-23 18:32:33.852474] Response text: {"name":"Ajay","job":"SDE","id":"182","createdAt":"2024-08-23T13:02:33.872Z"}
[2024-08-23 18:32:33.852493] Response headers: {'Date': 'Fri, 23 Aug 2024 13:02:33 GMT', 'Content-Type': 'application/json; charset=utf-8', 'Content-Length': '77', 'Connection': 'keep-alive', 'Report-To': '{"group":"heroku-nel","max_age":3600,"endpoints":[{"url":"https://nel.heroku.com/reports?ts=1724418153&sid=c4c9725f-1ab0-44d8-820f-430df2718e11&s=D3gbigKqijcWqA6szI%2BJR50xzSgdizo5IEf1Pb9hy4E%3D"}]}', 'Reporting-Endpoints': 'heroku-nel=https://nel.heroku.com/reports?ts=1724418153&sid=c4c9725f-1ab0-44d8-820f-430df2718e11&s=D3gbigKqijcWqA6szI%2BJR50xzSgdizo5IEf1Pb9hy4E%3D', 'Nel': '{"report_to":"heroku-nel","max_age":3600,"success_fraction":0.005,"failure_fraction":0.05,"response_headers":["Via"]}', 'X-Powered-By': 'Express', 'Access-Control-Allow-Origin': '*', 'Etag': 'W/"4d-vA7r5ApWlWP2MWzurn9G9ZaPCW4"', 'Via': '1.1 vegur', 'CF-Cache-Status': 'DYNAMIC', 'Server': 'cloudflare', 'CF-RAY': '8b7b4c33caa92967-BOM'}
[2024-08-23 18:32:33.852538] Response cookies: {}
-----


----Request----
[2024-08-23 18:32:33.862582] Request method: POST
[2024-08-23 18:32:33.862594] Request URL: https://reqres.in/api/users
[2024-08-23 18:32:33.862599] Request data: {}
[2024-08-23 18:32:33.862604] Request headers: {'X-THIS_IS_TEST': 'True'}
[2024-08-23 18:32:33.862610] Request cookies: {}


----Response----
[2024-08-23 18:32:34.465827] Response code: 201
[2024-08-23 18:32:34.465955] Response text: {"id":"106","createdAt":"2024-08-23T13:02:34.495Z"}
[2024-08-23 18:32:34.465990] Response headers: {'Date': 'Fri, 23 Aug 2024 13:02:34 GMT', 'Content-Type': 'application/json; charset=utf-8', 'Content-Length': '51', 'Connection': 'keep-alive', 'Report-To': '{"group":"heroku-nel","max_age":3600,"endpoints":[{"url":"https://nel.heroku.com/reports?ts=1724418154&sid=c4c9725f-1ab0-44d8-820f-430df2718e11&s=XcdE522E2uuBTdp5w%2BPBMH4zgrsc4dKFhPwOJ5C0V5U%3D"}]}', 'Reporting-Endpoints': 'heroku-nel=https://nel.heroku.com/reports?ts=1724418154&sid=c4c9725f-1ab0-44d8-820f-430df2718e11&s=XcdE522E2uuBTdp5w%2BPBMH4zgrsc4dKFhPwOJ5C0V5U%3D', 'Nel': '{"report_to":"heroku-nel","max_age":3600,"success_fraction":0.005,"failure_fraction":0.05,"response_headers":["Via"]}', 'X-Powered-By': 'Express', 'Access-Control-Allow-Origin': '*', 'Etag': 'W/"33-T/B5JUoVupQT0L6Ema7WPfH5QXQ"', 'Via': '1.1 vegur', 'CF-Cache-Status': 'DYNAMIC', 'Server': 'cloudflare', 'CF-RAY': '8b7b4c373a0547c0-BOM'}
[2024-08-23 18:32:34.466068] Response cookies: {}
-----


----Request----
[2024-08-23 18:32:34.474486] Request method: GET
[2024-08-23 18:32:34.474510] Request URL: https://jsonplaceholder.typicode.com//posts/1
[2024-08-23 18:32:34.474515] Request data: None
[2024-08-23 18:32:34.474520] Request headers: {'X-THIS_IS_TEST': 'True'}
[2024-08-23 18:32:34.474526] Request cookies: {}


----Response----
[2024-08-23 18:32:37.968494] Response code: 200
[2024-08-23 18:32:37.968584] Response text: {
  "userId": 1,
  "id": 1,
  "title": "sunt aut facere repellat provident occaecati excepturi optio reprehenderit",
  "body": "quia et suscipit\nsuscipit recusandae consequuntur expedita et cum\nreprehenderit molestiae ut ut quas totam\nnostrum rerum est autem sunt rem eveniet architecto"
}
[2024-08-23 18:32:37.968611] Response headers: {'Date': 'Fri, 23 Aug 2024 13:02:38 GMT', 'Content-Type': 'application/json; charset=utf-8', 'Transfer-Encoding': 'chunked', 'Connection': 'keep-alive', 'Report-To': '{"group":"heroku-nel","max_age":3600,"endpoints":[{"url":"https://nel.heroku.com/reports?ts=1712074258&sid=e11707d5-02a7-43ef-b45e-2cf4d2036f7d&s=KAwk8PW4ZcZT7%2FT8ZoAYTonLKD58gkxHUD5GEkKRX8k%3D"}]}', 'Reporting-Endpoints': 'heroku-nel=https://nel.heroku.com/reports?ts=1712074258&sid=e11707d5-02a7-43ef-b45e-2cf4d2036f7d&s=KAwk8PW4ZcZT7%2FT8ZoAYTonLKD58gkxHUD5GEkKRX8k%3D', 'Nel': '{"report_to":"heroku-nel","max_age":3600,"success_fraction":0.005,"failure_fraction":0.05,"response_headers":["Via"]}', 'X-Powered-By': 'Express', 'X-Ratelimit-Limit': '1000', 'X-Ratelimit-Remaining': '999', 'X-Ratelimit-Reset': '1712074275', 'Vary': 'Origin, Accept-Encoding', 'Access-Control-Allow-Credentials': 'true', 'Cache-Control': 'max-age=43200', 'Pragma': 'no-cache', 'Expires': '-1', 'X-Content-Type-Options': 'nosniff', 'Etag': 'W/"124-yiKdLzqO5gfBrJFrcdJ8Yq0LGnU"', 'Via': '1.1 vegur', 'CF-Cache-Status': 'HIT', 'Age': '16644', 'Server': 'cloudflare', 'CF-RAY': '8b7b4c4faf5b6016-SIN', 'Content-Encoding': 'gzip', 'alt-svc': 'h3=":443"; ma=86400'}
[2024-08-23 18:32:37.968672] Response cookies: {}
-----


----Request----
[2024-08-23 18:32:37.977806] Request method: POST
[2024-08-23 18:32:37.977830] Request URL: https://jsonplaceholder.typicode.com/posts
[2024-08-23 18:32:37.977835] Request data: {'title': 'foo', 'body': 'bar', 'userId': 1}
[2024-08-23 18:32:37.977844] Request headers: {'X-THIS_IS_TEST': 'True'}
[2024-08-23 18:32:37.977850] Request cookies: {}


----Response----
[2024-08-23 18:32:39.196855] Response code: 201
[2024-08-23 18:32:39.196950] Response text: {
  "title": "foo",
  "body": "bar",
  "userId": "1",
  "id": 101
}
[2024-08-23 18:32:39.196972] Response headers: {'Date': 'Fri, 23 Aug 2024 13:02:39 GMT', 'Content-Type': 'application/json; charset=utf-8', 'Content-Length': '67', 'Connection': 'keep-alive', 'Report-To': '{"group":"heroku-nel","max_age":3600,"endpoints":[{"url":"https://nel.heroku.com/reports?ts=1724418159&sid=e11707d5-02a7-43ef-b45e-2cf4d2036f7d&s=hbEF50V%2BDbfacG0E7oM2uWGbsOHtzPkI1650f194%2FGY%3D"}]}', 'Reporting-Endpoints': 'heroku-nel=https://nel.heroku.com/reports?ts=1724418159&sid=e11707d5-02a7-43ef-b45e-2cf4d2036f7d&s=hbEF50V%2BDbfacG0E7oM2uWGbsOHtzPkI1650f194%2FGY%3D', 'Nel': '{"report_to":"heroku-nel","max_age":3600,"success_fraction":0.005,"failure_fraction":0.05,"response_headers":["Via"]}', 'X-Powered-By': 'Express', 'X-Ratelimit-Limit': '1000', 'X-Ratelimit-Remaining': '999', 'X-Ratelimit-Reset': '1724418160', 'Vary': 'Origin, X-HTTP-Method-Override, Accept-Encoding', 'Access-Control-Allow-Credentials': 'true', 'Cache-Control': 'no-cache', 'Pragma': 'no-cache', 'Expires': '-1', 'Access-Control-Expose-Headers': 'Location', 'Location': 'https://jsonplaceholder.typicode.com/posts/101', 'X-Content-Type-Options': 'nosniff', 'Etag': 'W/"43-e0UvNeXth+6+06UFNnGIVUOlAcw"', 'Via': '1.1 vegur', 'CF-Cache-Status': 'DYNAMIC', 'Server': 'cloudflare', 'CF-RAY': '8b7b4c526cb8ce39-SIN', 'alt-svc': 'h3=":443"; ma=86400'}
[2024-08-23 18:32:39.197072] Response cookies: {}
-----

